2021/07/16 23:01:31 [ INFO] <main.go:149> src.debug Version=1.0.5 Build Time=[Jul 16 2021  23:01:26]
2021/07/16 23:01:31 [ INFO] <main.go:153> Start configLoad
2021/07/16 23:01:31 [ INFO] <main.go:124> (c *ConfigBusiness) configLoad Open config.json Success
2021/07/16 23:01:31 [ INFO] <main.go:136> (c *ConfigBusiness) configLoad config.json 
 adminListen=0.0.0.0:18086
 channelListen=0.0.0.0:18085

2021/07/16 23:01:31 [ INFO] <main.go:160> Create Web Manager
2021/07/16 23:01:31 [ INFO] <web.go:463> getStreamConfig
2021/07/16 23:01:31 [ INFO] <web.go:479> loadConfig Open config.json Success
2021/07/16 23:01:31 [ INFO] <web.go:498> getAdminsConfig
2021/07/16 23:01:31 [ INFO] <web.go:514> getAdminsConfig Open config.json Success
2021/07/16 23:01:31 [ INFO] <web.go:570> Create Channel Web Manager
2021/07/16 23:01:31 [ INFO] <web.go:577> Create Admin Web Manager
2021/07/16 23:01:31 [ INFO] <web.go:584> Create Streams Download Manager
2021/07/16 23:01:31 [ INFO] <server.go:323> loadConfig
2021/07/16 23:01:31 [ INFO] <server.go:338> loadConfig Open config.json Success
2021/07/16 23:01:31 [ INFO] <server.go:366> StreamsDownload Current Stream Count=1...
2021/07/16 23:01:32 [DEBUG] <server.go:266> [channel1]HandleParseM3u8 localFile=/data/src/channel1/index.m3u8
2021/07/16 23:01:32 [DEBUG] <server.go:272> [channel1]HandleDownloadedM3u8 uri=http://cctvalih5ca.v.myalicdn.com/live/cctv1_2/index.m3u8 localFile=/data/src/channel1/index.m3u8
2021/07/16 23:01:32 [DEBUG] <server.go:276> [channel1]HandleDownloadedTs uri=http://cctvalih5ca.v.myalicdn.com/live/cctv1_2/cctv1_2md/1626447672_7470234.ts localFile=/data/src/channel1/cctv1_2md/1626447672_7470234.ts
2021/07/16 23:01:32 [DEBUG] <server.go:276> [channel1]HandleDownloadedTs uri=http://cctvalih5ca.v.myalicdn.com/live/cctv1_2/cctv1_2md/1626447661_7470233.ts localFile=/data/src/channel1/cctv1_2md/1626447661_7470233.ts
2021/07/16 23:01:32 [DEBUG] <server.go:276> [channel1]HandleDownloadedTs uri=http://cctvalih5ca.v.myalicdn.com/live/cctv1_2/cctv1_2md/1626447651_7470232.ts localFile=/data/src/channel1/cctv1_2md/1626447651_7470232.ts
2021/07/16 23:01:32 [DEBUG] <server.go:276> [channel1]HandleDownloadedTs uri=http://cctvalih5ca.v.myalicdn.com/live/cctv1_2/cctv1_2md/1626447682_7470235.ts localFile=/data/src/channel1/cctv1_2md/1626447682_7470235.ts
2021/07/16 23:01:34 [DEBUG] <server.go:266> [channel1]HandleParseM3u8 localFile=/data/src/channel1/index.m3u8
2021/07/16 23:01:34 [DEBUG] <server.go:272> [channel1]HandleDownloadedM3u8 uri=http://cctvalih5ca.v.myalicdn.com/live/cctv1_2/index.m3u8 localFile=/data/src/channel1/index.m3u8
2021/07/16 23:01:34 [DEBUG] <server.go:276> [channel1]HandleDownloadedTs uri=http://cctvalih5ca.v.myalicdn.com/live/cctv1_2/cctv1_2md/1626447693_7470236.ts localFile=/data/src/channel1/cctv1_2md/1626447693_7470236.ts
2021/07/16 23:01:45 [DEBUG] <server.go:266> [channel1]HandleParseM3u8 localFile=/data/src/channel1/index.m3u8
2021/07/16 23:01:45 [DEBUG] <server.go:272> [channel1]HandleDownloadedM3u8 uri=http://cctvalih5ca.v.myalicdn.com/live/cctv1_2/index.m3u8 localFile=/data/src/channel1/index.m3u8
2021/07/16 23:01:45 [DEBUG] <server.go:276> [channel1]HandleDownloadedTs uri=http://cctvalih5ca.v.myalicdn.com/live/cctv1_2/cctv1_2md/1626447704_7470237.ts localFile=/data/src/channel1/cctv1_2md/1626447704_7470237.ts
2021/07/16 23:01:55 [DEBUG] <server.go:266> [channel1]HandleParseM3u8 localFile=/data/src/channel1/index.m3u8
2021/07/16 23:01:55 [DEBUG] <server.go:272> [channel1]HandleDownloadedM3u8 uri=http://cctvalih5ca.v.myalicdn.com/live/cctv1_2/index.m3u8 localFile=/data/src/channel1/index.m3u8
2021/07/16 23:01:55 [DEBUG] <server.go:276> [channel1]HandleDownloadedTs uri=http://cctvalih5ca.v.myalicdn.com/live/cctv1_2/cctv1_2md/1626447714_7470238.ts localFile=/data/src/channel1/cctv1_2md/1626447714_7470238.ts
2021/07/16 23:02:06 [DEBUG] <server.go:266> [channel1]HandleParseM3u8 localFile=/data/src/channel1/index.m3u8
2021/07/16 23:02:06 [DEBUG] <server.go:272> [channel1]HandleDownloadedM3u8 uri=http://cctvalih5ca.v.myalicdn.com/live/cctv1_2/index.m3u8 localFile=/data/src/channel1/index.m3u8
2021/07/16 23:02:06 [DEBUG] <server.go:276> [channel1]HandleDownloadedTs uri=http://cctvalih5ca.v.myalicdn.com/live/cctv1_2/cctv1_2md/1626447725_7470239.ts localFile=/data/src/channel1/cctv1_2md/1626447725_7470239.ts
2021/07/16 23:02:16 [DEBUG] <server.go:266> [channel1]HandleParseM3u8 localFile=/data/src/channel1/index.m3u8
2021/07/16 23:02:16 [DEBUG] <server.go:272> [channel1]HandleDownloadedM3u8 uri=http://cctvalih5ca.v.myalicdn.com/live/cctv1_2/index.m3u8 localFile=/data/src/channel1/index.m3u8
2021/07/16 23:02:16 [DEBUG] <server.go:276> [channel1]HandleDownloadedTs uri=http://cctvalih5ca.v.myalicdn.com/live/cctv1_2/cctv1_2md/1626447735_7470240.ts localFile=/data/src/channel1/cctv1_2md/1626447735_7470240.ts
2021/07/16 23:02:27 [DEBUG] <server.go:266> [channel1]HandleParseM3u8 localFile=/data/src/channel1/index.m3u8
2021/07/16 23:02:27 [DEBUG] <server.go:272> [channel1]HandleDownloadedM3u8 uri=http://cctvalih5ca.v.myalicdn.com/live/cctv1_2/index.m3u8 localFile=/data/src/channel1/index.m3u8
2021/07/16 23:02:27 [DEBUG] <server.go:276> [channel1]HandleDownloadedTs uri=http://cctvalih5ca.v.myalicdn.com/live/cctv1_2/cctv1_2md/1626447746_7470241.ts localFile=/data/src/channel1/cctv1_2md/1626447746_7470241.ts
2021/07/16 23:02:38 [DEBUG] <server.go:266> [channel1]HandleParseM3u8 localFile=/data/src/channel1/index.m3u8
2021/07/16 23:02:38 [DEBUG] <server.go:272> [channel1]HandleDownloadedM3u8 uri=http://cctvalih5ca.v.myalicdn.com/live/cctv1_2/index.m3u8 localFile=/data/src/channel1/index.m3u8
2021/07/16 23:02:38 [DEBUG] <server.go:276> [channel1]HandleDownloadedTs uri=http://cctvalih5ca.v.myalicdn.com/live/cctv1_2/cctv1_2md/1626447757_7470242.ts localFile=/data/src/channel1/cctv1_2md/1626447757_7470242.ts
2021/07/16 23:02:48 [DEBUG] <server.go:266> [channel1]HandleParseM3u8 localFile=/data/src/channel1/index.m3u8
2021/07/16 23:02:48 [DEBUG] <server.go:272> [channel1]HandleDownloadedM3u8 uri=http://cctvalih5ca.v.myalicdn.com/live/cctv1_2/index.m3u8 localFile=/data/src/channel1/index.m3u8
2021/07/16 23:02:48 [DEBUG] <server.go:276> [channel1]HandleDownloadedTs uri=http://cctvalih5ca.v.myalicdn.com/live/cctv1_2/cctv1_2md/1626447767_7470243.ts localFile=/data/src/channel1/cctv1_2md/1626447767_7470243.ts
2021/07/16 23:02:59 [DEBUG] <server.go:266> [channel1]HandleParseM3u8 localFile=/data/src/channel1/index.m3u8
2021/07/16 23:02:59 [DEBUG] <server.go:272> [channel1]HandleDownloadedM3u8 uri=http://cctvalih5ca.v.myalicdn.com/live/cctv1_2/index.m3u8 localFile=/data/src/channel1/index.m3u8
2021/07/16 23:02:59 [DEBUG] <server.go:276> [channel1]HandleDownloadedTs uri=http://cctvalih5ca.v.myalicdn.com/live/cctv1_2/cctv1_2md/1626447778_7470244.ts localFile=/data/src/channel1/cctv1_2md/1626447778_7470244.ts
2021/07/16 23:03:09 [DEBUG] <server.go:266> [channel1]HandleParseM3u8 localFile=/data/src/channel1/index.m3u8
2021/07/16 23:03:09 [DEBUG] <server.go:272> [channel1]HandleDownloadedM3u8 uri=http://cctvalih5ca.v.myalicdn.com/live/cctv1_2/index.m3u8 localFile=/data/src/channel1/index.m3u8
2021/07/16 23:03:09 [DEBUG] <server.go:276> [channel1]HandleDownloadedTs uri=http://cctvalih5ca.v.myalicdn.com/live/cctv1_2/cctv1_2md/1626447788_7470245.ts localFile=/data/src/channel1/cctv1_2md/1626447788_7470245.ts
2021/07/16 23:03:20 [DEBUG] <server.go:266> [channel1]HandleParseM3u8 localFile=/data/src/channel1/index.m3u8
2021/07/16 23:03:20 [DEBUG] <server.go:272> [channel1]HandleDownloadedM3u8 uri=http://cctvalih5ca.v.myalicdn.com/live/cctv1_2/index.m3u8 localFile=/data/src/channel1/index.m3u8
2021/07/16 23:03:20 [DEBUG] <server.go:276> [channel1]HandleDownloadedTs uri=http://cctvalih5ca.v.myalicdn.com/live/cctv1_2/cctv1_2md/1626447799_7470246.ts localFile=/data/src/channel1/cctv1_2md/1626447799_7470246.ts
2021/07/16 23:03:30 [DEBUG] <server.go:266> [channel1]HandleParseM3u8 localFile=/data/src/channel1/index.m3u8
2021/07/16 23:03:30 [DEBUG] <server.go:272> [channel1]HandleDownloadedM3u8 uri=http://cctvalih5ca.v.myalicdn.com/live/cctv1_2/index.m3u8 localFile=/data/src/channel1/index.m3u8
2021/07/16 23:03:30 [DEBUG] <server.go:276> [channel1]HandleDownloadedTs uri=http://cctvalih5ca.v.myalicdn.com/live/cctv1_2/cctv1_2md/1626447809_7470247.ts localFile=/data/src/channel1/cctv1_2md/1626447809_7470247.ts
2021/07/16 23:03:40 [DEBUG] <server.go:266> [channel1]HandleParseM3u8 localFile=/data/src/channel1/index.m3u8
2021/07/16 23:03:40 [DEBUG] <server.go:272> [channel1]HandleDownloadedM3u8 uri=http://cctvalih5ca.v.myalicdn.com/live/cctv1_2/index.m3u8 localFile=/data/src/channel1/index.m3u8
2021/07/16 23:03:40 [DEBUG] <server.go:276> [channel1]HandleDownloadedTs uri=http://cctvalih5ca.v.myalicdn.com/live/cctv1_2/cctv1_2md/1626447819_7470248.ts localFile=/data/src/channel1/cctv1_2md/1626447819_7470248.ts
2021/07/16 23:03:51 [DEBUG] <server.go:266> [channel1]HandleParseM3u8 localFile=/data/src/channel1/index.m3u8
2021/07/16 23:03:51 [DEBUG] <server.go:272> [channel1]HandleDownloadedM3u8 uri=http://cctvalih5ca.v.myalicdn.com/live/cctv1_2/index.m3u8 localFile=/data/src/channel1/index.m3u8
2021/07/16 23:03:51 [DEBUG] <server.go:276> [channel1]HandleDownloadedTs uri=http://cctvalih5ca.v.myalicdn.com/live/cctv1_2/cctv1_2md/1626447830_7470249.ts localFile=/data/src/channel1/cctv1_2md/1626447830_7470249.ts
2021/07/16 23:08:06 [ INFO] <main.go:149> src.debug Version=1.0.5 Build Time=[Jul 16 2021  23:01:26]
2021/07/16 23:08:06 [ INFO] <main.go:153> Start configLoad
2021/07/16 23:08:06 [ INFO] <main.go:124> (c *ConfigBusiness) configLoad Open config.json Success
2021/07/16 23:08:06 [ INFO] <main.go:136> (c *ConfigBusiness) configLoad config.json 
 adminListen=0.0.0.0:18086
 channelListen=0.0.0.0:18085

2021/07/16 23:08:06 [ INFO] <main.go:160> Create Web Manager
2021/07/16 23:08:06 [ INFO] <web.go:463> getStreamConfig
2021/07/16 23:08:06 [ INFO] <web.go:479> loadConfig Open config.json Success
2021/07/16 23:08:06 [ INFO] <web.go:498> getAdminsConfig
2021/07/16 23:08:06 [ INFO] <web.go:514> getAdminsConfig Open config.json Success
2021/07/16 23:08:06 [ INFO] <web.go:570> Create Channel Web Manager
2021/07/16 23:08:06 [ INFO] <web.go:577> Create Admin Web Manager
2021/07/16 23:08:06 [ INFO] <web.go:584> Create Streams Download Manager
2021/07/16 23:08:06 [ INFO] <server.go:323> loadConfig
2021/07/16 23:08:06 [ INFO] <server.go:338> loadConfig Open config.json Success
2021/07/16 23:08:06 [ INFO] <server.go:366> StreamsDownload Current Stream Count=1...
2021/07/16 23:08:06 [DEBUG] <server.go:266> [channel1]HandleParseM3u8 localFile=/data/src/channel1/index.m3u8
2021/07/16 23:08:06 [DEBUG] <server.go:272> [channel1]HandleDownloadedM3u8 uri=http://cctvalih5ca.v.myalicdn.com/live/cctv1_2/index.m3u8 localFile=/data/src/channel1/index.m3u8
2021/07/16 23:08:06 [DEBUG] <server.go:276> [channel1]HandleDownloadedTs uri=http://cctvalih5ca.v.myalicdn.com/live/cctv1_2/cctv1_2md/1626448061_7470271.ts localFile=/data/src/channel1/cctv1_2md/1626448061_7470271.ts
2021/07/16 23:08:06 [DEBUG] <server.go:276> [channel1]HandleDownloadedTs uri=http://cctvalih5ca.v.myalicdn.com/live/cctv1_2/cctv1_2md/1626448050_7470270.ts localFile=/data/src/channel1/cctv1_2md/1626448050_7470270.ts
2021/07/16 23:08:06 [DEBUG] <server.go:276> [channel1]HandleDownloadedTs uri=http://cctvalih5ca.v.myalicdn.com/live/cctv1_2/cctv1_2md/1626448071_7470272.ts localFile=/data/src/channel1/cctv1_2md/1626448071_7470272.ts
2021/07/16 23:08:06 [DEBUG] <server.go:276> [channel1]HandleDownloadedTs uri=http://cctvalih5ca.v.myalicdn.com/live/cctv1_2/cctv1_2md/1626448081_7470273.ts localFile=/data/src/channel1/cctv1_2md/1626448081_7470273.ts
2021/07/16 23:08:13 [DEBUG] <server.go:266> [channel1]HandleParseM3u8 localFile=/data/src/channel1/index.m3u8
2021/07/16 23:08:13 [DEBUG] <server.go:272> [channel1]HandleDownloadedM3u8 uri=http://cctvalih5ca.v.myalicdn.com/live/cctv1_2/index.m3u8 localFile=/data/src/channel1/index.m3u8
2021/07/16 23:08:13 [DEBUG] <server.go:276> [channel1]HandleDownloadedTs uri=http://cctvalih5ca.v.myalicdn.com/live/cctv1_2/cctv1_2md/1626448092_7470274.ts localFile=/data/src/channel1/cctv1_2md/1626448092_7470274.ts
2021/07/16 23:08:24 [DEBUG] <server.go:266> [channel1]HandleParseM3u8 localFile=/data/src/channel1/index.m3u8
2021/07/16 23:08:25 [DEBUG] <server.go:272> [channel1]HandleDownloadedM3u8 uri=http://cctvalih5ca.v.myalicdn.com/live/cctv1_2/index.m3u8 localFile=/data/src/channel1/index.m3u8
2021/07/16 23:08:25 [DEBUG] <server.go:276> [channel1]HandleDownloadedTs uri=http://cctvalih5ca.v.myalicdn.com/live/cctv1_2/cctv1_2md/1626448102_7470275.ts localFile=/data/src/channel1/cctv1_2md/1626448102_7470275.ts
2021/07/16 23:09:32 [ INFO] <main.go:149> src.debug Version=1.0.5 Build Time=[Jul 16 2021  23:01:26]
2021/07/16 23:09:32 [ INFO] <main.go:153> Start configLoad
2021/07/16 23:09:32 [ INFO] <main.go:124> (c *ConfigBusiness) configLoad Open config.json Success
2021/07/16 23:09:32 [ INFO] <main.go:136> (c *ConfigBusiness) configLoad config.json 
 adminListen=0.0.0.0:18086
 channelListen=0.0.0.0:18085

2021/07/16 23:09:32 [ INFO] <main.go:160> Create Web Manager
2021/07/16 23:09:32 [ INFO] <web.go:463> getStreamConfig
2021/07/16 23:09:32 [ INFO] <web.go:479> loadConfig Open config.json Success
2021/07/16 23:09:32 [ INFO] <web.go:498> getAdminsConfig
2021/07/16 23:09:32 [ INFO] <web.go:514> getAdminsConfig Open config.json Success
2021/07/16 23:09:32 [ INFO] <web.go:570> Create Channel Web Manager
2021/07/16 23:09:32 [ INFO] <web.go:577> Create Admin Web Manager
2021/07/16 23:09:32 [ INFO] <web.go:584> Create Streams Download Manager
2021/07/16 23:09:32 [ INFO] <server.go:323> loadConfig
2021/07/16 23:09:32 [ INFO] <server.go:338> loadConfig Open config.json Success
2021/07/16 23:09:32 [ INFO] <server.go:366> StreamsDownload Current Stream Count=1...
2021/07/16 23:09:32 [DEBUG] <server.go:266> [channel1]HandleParseM3u8 localFile=/data/src/channel1/index.m3u8
2021/07/16 23:09:32 [DEBUG] <server.go:272> [channel1]HandleDownloadedM3u8 uri=http://cctvalih5ca.v.myalicdn.com/live/cctv1_2/index.m3u8 localFile=/data/src/channel1/index.m3u8
2021/07/16 23:09:32 [DEBUG] <server.go:276> [channel1]HandleDownloadedTs uri=http://cctvalih5ca.v.myalicdn.com/live/cctv1_2/cctv1_2md/1626448134_7470278.ts localFile=/data/src/channel1/cctv1_2md/1626448134_7470278.ts
2021/07/16 23:09:32 [DEBUG] <server.go:276> [channel1]HandleDownloadedTs uri=http://cctvalih5ca.v.myalicdn.com/live/cctv1_2/cctv1_2md/1626448154_7470280.ts localFile=/data/src/channel1/cctv1_2md/1626448154_7470280.ts
2021/07/16 23:09:32 [DEBUG] <server.go:276> [channel1]HandleDownloadedTs uri=http://cctvalih5ca.v.myalicdn.com/live/cctv1_2/cctv1_2md/1626448144_7470279.ts localFile=/data/src/channel1/cctv1_2md/1626448144_7470279.ts
2021/07/16 23:09:32 [DEBUG] <server.go:276> [channel1]HandleDownloadedTs uri=http://cctvalih5ca.v.myalicdn.com/live/cctv1_2/cctv1_2md/1626448164_7470281.ts localFile=/data/src/channel1/cctv1_2md/1626448164_7470281.ts
2021/07/16 23:09:36 [ INFO] <web.go:399> ---->>>>GetStreams****
2021/07/16 23:09:36 [ INFO] <web.go:212> ---->>>>checkIp 192.168.95.1****
2021/07/16 23:17:12 [ INFO] <main.go:149> src.debug Version=1.0.5 Build Time=[Jul 16 2021  23:01:26]
2021/07/16 23:17:12 [ INFO] <main.go:153> Start configLoad
2021/07/16 23:17:12 [ INFO] <main.go:124> (c *ConfigBusiness) configLoad Open config.json Success
2021/07/16 23:17:12 [ INFO] <main.go:136> (c *ConfigBusiness) configLoad config.json 
 adminListen=0.0.0.0:18086
 channelListen=0.0.0.0:18085

2021/07/16 23:17:12 [ INFO] <main.go:160> Create Web Manager
2021/07/16 23:17:12 [ INFO] <web.go:463> getStreamConfig
2021/07/16 23:17:12 [ INFO] <web.go:479> loadConfig Open config.json Success
2021/07/16 23:17:12 [ INFO] <web.go:498> getAdminsConfig
2021/07/16 23:17:12 [ INFO] <web.go:514> getAdminsConfig Open config.json Success
2021/07/16 23:17:12 [ INFO] <web.go:570> Create Channel Web Manager
2021/07/16 23:17:12 [ INFO] <web.go:577> Create Admin Web Manager
2021/07/16 23:17:12 [ INFO] <web.go:584> Create Streams Download Manager
2021/07/16 23:17:12 [ INFO] <server.go:323> loadConfig
2021/07/16 23:17:12 [ INFO] <server.go:338> loadConfig Open config.json Success
2021/07/16 23:17:12 [ INFO] <server.go:366> StreamsDownload Current Stream Count=1...
2021/07/16 23:17:13 [DEBUG] <server.go:266> [channel1]HandleParseM3u8 localFile=/data/src/channel1/index.m3u8
2021/07/16 23:17:13 [DEBUG] <server.go:272> [channel1]HandleDownloadedM3u8 uri=http://cctvalih5ca.v.myalicdn.com/live/cctv1_2/index.m3u8 localFile=/data/src/channel1/index.m3u8
2021/07/16 23:17:13 [DEBUG] <server.go:276> [channel1]HandleDownloadedTs uri=http://cctvalih5ca.v.myalicdn.com/live/cctv1_2/cctv1_2md/1626448602_7470323.ts localFile=/data/src/channel1/cctv1_2md/1626448602_7470323.ts
2021/07/16 23:17:13 [DEBUG] <server.go:276> [channel1]HandleDownloadedTs uri=http://cctvalih5ca.v.myalicdn.com/live/cctv1_2/cctv1_2md/1626448613_7470324.ts localFile=/data/src/channel1/cctv1_2md/1626448613_7470324.ts
2021/07/16 23:17:13 [DEBUG] <server.go:276> [channel1]HandleDownloadedTs uri=http://cctvalih5ca.v.myalicdn.com/live/cctv1_2/cctv1_2md/1626448592_7470322.ts localFile=/data/src/channel1/cctv1_2md/1626448592_7470322.ts
2021/07/16 23:17:13 [DEBUG] <server.go:276> [channel1]HandleDownloadedTs uri=http://cctvalih5ca.v.myalicdn.com/live/cctv1_2/cctv1_2md/1626448623_7470325.ts localFile=/data/src/channel1/cctv1_2md/1626448623_7470325.ts
2021/07/16 23:17:14 [DEBUG] <server.go:266> [channel1]HandleParseM3u8 localFile=/data/src/channel1/index.m3u8
2021/07/16 23:17:14 [DEBUG] <server.go:272> [channel1]HandleDownloadedM3u8 uri=http://cctvalih5ca.v.myalicdn.com/live/cctv1_2/index.m3u8 localFile=/data/src/channel1/index.m3u8
2021/07/16 23:17:14 [DEBUG] <server.go:276> [channel1]HandleDownloadedTs uri=http://cctvalih5ca.v.myalicdn.com/live/cctv1_2/cctv1_2md/1626448633_7470326.ts localFile=/data/src/channel1/cctv1_2md/1626448633_7470326.ts
2021/07/16 23:17:16 [ INFO] <web.go:399> ---->>>>GetStreams****
2021/07/16 23:19:20 [ INFO] <main.go:149> src.debug Version=1.0.5 Build Time=[Jul 16 2021  23:19:15]
2021/07/16 23:19:20 [ INFO] <main.go:153> Start configLoad
2021/07/16 23:19:20 [ INFO] <main.go:124> (c *ConfigBusiness) configLoad Open config.json Success
2021/07/16 23:19:20 [ INFO] <main.go:136> (c *ConfigBusiness) configLoad config.json 
 adminListen=0.0.0.0:18086
 channelListen=0.0.0.0:18085

2021/07/16 23:19:20 [ INFO] <main.go:160> Create Web Manager
2021/07/16 23:19:20 [ INFO] <web.go:463> getStreamConfig
2021/07/16 23:19:20 [ INFO] <web.go:479> loadConfig Open config.json Success
2021/07/16 23:19:20 [ INFO] <web.go:498> getAdminsConfig
2021/07/16 23:19:20 [ INFO] <web.go:514> getAdminsConfig Open config.json Success
2021/07/16 23:19:20 [ INFO] <web.go:570> Create Channel Web Manager
2021/07/16 23:19:20 [ INFO] <web.go:577> Create Admin Web Manager
2021/07/16 23:19:20 [ INFO] <web.go:584> Create Streams Download Manager
2021/07/16 23:19:20 [ INFO] <server.go:323> loadConfig
2021/07/16 23:19:20 [ INFO] <server.go:338> loadConfig Open config.json Success
2021/07/16 23:19:20 [ INFO] <server.go:366> StreamsDownload Current Stream Count=1...
2021/07/16 23:19:21 [DEBUG] <server.go:266> [channel1]HandleParseM3u8 localFile=/data/src/channel1/index.m3u8
2021/07/16 23:19:21 [DEBUG] <server.go:272> [channel1]HandleDownloadedM3u8 uri=http://cctvalih5ca.v.myalicdn.com/live/cctv1_2/index.m3u8 localFile=/data/src/channel1/index.m3u8
2021/07/16 23:19:21 [DEBUG] <server.go:276> [channel1]HandleDownloadedTs uri=http://cctvalih5ca.v.myalicdn.com/live/cctv1_2/cctv1_2md/1626448738_7470336.ts localFile=/data/src/channel1/cctv1_2md/1626448738_7470336.ts
2021/07/16 23:19:21 [DEBUG] <server.go:276> [channel1]HandleDownloadedTs uri=http://cctvalih5ca.v.myalicdn.com/live/cctv1_2/cctv1_2md/1626448727_7470335.ts localFile=/data/src/channel1/cctv1_2md/1626448727_7470335.ts
2021/07/16 23:19:21 [DEBUG] <server.go:276> [channel1]HandleDownloadedTs uri=http://cctvalih5ca.v.myalicdn.com/live/cctv1_2/cctv1_2md/1626448758_7470338.ts localFile=/data/src/channel1/cctv1_2md/1626448758_7470338.ts
2021/07/16 23:19:21 [DEBUG] <server.go:276> [channel1]HandleDownloadedTs uri=http://cctvalih5ca.v.myalicdn.com/live/cctv1_2/cctv1_2md/1626448748_7470337.ts localFile=/data/src/channel1/cctv1_2md/1626448748_7470337.ts
2021/07/16 23:19:24 [ INFO] <web.go:399> ---->>>>GetStreams****
2021/07/16 23:19:24 [ INFO] <web.go:212> ---->>>>checkIp 192.168.95.1****
2021/07/16 23:22:27 [ INFO] <main.go:149> src.debug Version=1.0.5 Build Time=[Jul 16 2021  23:22:15]
2021/07/16 23:22:27 [ INFO] <main.go:153> Start configLoad
2021/07/16 23:22:27 [ INFO] <main.go:124> (c *ConfigBusiness) configLoad Open config.json Success
2021/07/16 23:22:27 [ INFO] <main.go:136> (c *ConfigBusiness) configLoad config.json 
 adminListen=0.0.0.0:18086
 channelListen=0.0.0.0:18085

2021/07/16 23:22:27 [ INFO] <main.go:160> Create Web Manager
2021/07/16 23:22:27 [ INFO] <web.go:463> getStreamConfig
2021/07/16 23:22:27 [ INFO] <web.go:479> loadConfig Open config.json Success
2021/07/16 23:22:27 [ INFO] <web.go:498> getAdminsConfig
2021/07/16 23:22:27 [ INFO] <web.go:514> getAdminsConfig Open config.json Success
2021/07/16 23:22:27 [ INFO] <web.go:570> Create Channel Web Manager
2021/07/16 23:22:27 [ INFO] <web.go:577> Create Admin Web Manager
2021/07/16 23:22:27 [ INFO] <web.go:584> Create Streams Download Manager
2021/07/16 23:22:27 [ INFO] <server.go:323> loadConfig
2021/07/16 23:22:27 [ INFO] <server.go:338> loadConfig Open config.json Success
2021/07/16 23:22:27 [ INFO] <server.go:366> StreamsDownload Current Stream Count=1...
2021/07/16 23:22:27 [DEBUG] <server.go:266> [channel1]HandleParseM3u8 localFile=/data/src/channel1/index.m3u8
2021/07/16 23:22:27 [DEBUG] <server.go:272> [channel1]HandleDownloadedM3u8 uri=http://cctvalih5ca.v.myalicdn.com/live/cctv1_2/index.m3u8 localFile=/data/src/channel1/index.m3u8
2021/07/16 23:22:27 [DEBUG] <server.go:276> [channel1]HandleDownloadedTs uri=http://cctvalih5ca.v.myalicdn.com/live/cctv1_2/cctv1_2md/1626448936_7470355.ts localFile=/data/src/channel1/cctv1_2md/1626448936_7470355.ts
2021/07/16 23:22:27 [DEBUG] <server.go:276> [channel1]HandleDownloadedTs uri=http://cctvalih5ca.v.myalicdn.com/live/cctv1_2/cctv1_2md/1626448926_7470354.ts localFile=/data/src/channel1/cctv1_2md/1626448926_7470354.ts
2021/07/16 23:22:27 [DEBUG] <server.go:276> [channel1]HandleDownloadedTs uri=http://cctvalih5ca.v.myalicdn.com/live/cctv1_2/cctv1_2md/1626448915_7470353.ts localFile=/data/src/channel1/cctv1_2md/1626448915_7470353.ts
2021/07/16 23:22:27 [DEBUG] <server.go:276> [channel1]HandleDownloadedTs uri=http://cctvalih5ca.v.myalicdn.com/live/cctv1_2/cctv1_2md/1626448946_7470356.ts localFile=/data/src/channel1/cctv1_2md/1626448946_7470356.ts
2021/07/16 23:22:31 [ INFO] <web.go:399> ---->>>>GetStreams****
2021/07/16 23:22:31 [ INFO] <web.go:212> ---->>>>checkIp 192.168.95.1****
2021/07/16 23:24:01 [ INFO] <main.go:149> src.debug Version=1.0.5 Build Time=[Jul 16 2021  23:23:49]
2021/07/16 23:24:01 [ INFO] <main.go:153> Start configLoad
2021/07/16 23:24:01 [ INFO] <main.go:124> (c *ConfigBusiness) configLoad Open config.json Success
2021/07/16 23:24:01 [ INFO] <main.go:136> (c *ConfigBusiness) configLoad config.json 
 adminListen=0.0.0.0:18086
 channelListen=0.0.0.0:18085

2021/07/16 23:24:01 [ INFO] <main.go:160> Create Web Manager
2021/07/16 23:24:01 [ INFO] <web.go:464> getStreamConfig
2021/07/16 23:24:01 [ INFO] <web.go:480> loadConfig Open config.json Success
2021/07/16 23:24:01 [ INFO] <web.go:499> getAdminsConfig
2021/07/16 23:24:01 [ INFO] <web.go:515> getAdminsConfig Open config.json Success
2021/07/16 23:24:01 [ INFO] <web.go:571> Create Channel Web Manager
2021/07/16 23:24:01 [ INFO] <web.go:578> Create Admin Web Manager
2021/07/16 23:24:01 [ INFO] <web.go:585> Create Streams Download Manager
2021/07/16 23:24:01 [ INFO] <server.go:323> loadConfig
2021/07/16 23:24:01 [ INFO] <server.go:338> loadConfig Open config.json Success
2021/07/16 23:24:01 [ INFO] <server.go:366> StreamsDownload Current Stream Count=1...
2021/07/16 23:24:02 [DEBUG] <server.go:266> [channel1]HandleParseM3u8 localFile=/data/src/channel1/index.m3u8
2021/07/16 23:24:02 [DEBUG] <server.go:272> [channel1]HandleDownloadedM3u8 uri=http://cctvalih5ca.v.myalicdn.com/live/cctv1_2/index.m3u8 localFile=/data/src/channel1/index.m3u8
2021/07/16 23:24:02 [DEBUG] <server.go:276> [channel1]HandleDownloadedTs uri=http://cctvalih5ca.v.myalicdn.com/live/cctv1_2/cctv1_2md/1626449009_7470362.ts localFile=/data/src/channel1/cctv1_2md/1626449009_7470362.ts
2021/07/16 23:24:02 [DEBUG] <server.go:276> [channel1]HandleDownloadedTs uri=http://cctvalih5ca.v.myalicdn.com/live/cctv1_2/cctv1_2md/1626449041_7470365.ts localFile=/data/src/channel1/cctv1_2md/1626449041_7470365.ts
2021/07/16 23:24:02 [DEBUG] <server.go:276> [channel1]HandleDownloadedTs uri=http://cctvalih5ca.v.myalicdn.com/live/cctv1_2/cctv1_2md/1626449019_7470363.ts localFile=/data/src/channel1/cctv1_2md/1626449019_7470363.ts
2021/07/16 23:24:02 [DEBUG] <server.go:276> [channel1]HandleDownloadedTs uri=http://cctvalih5ca.v.myalicdn.com/live/cctv1_2/cctv1_2md/1626449030_7470364.ts localFile=/data/src/channel1/cctv1_2md/1626449030_7470364.ts
2021/07/16 23:24:05 [ INFO] <web.go:399> ---->>>>GetStreams****
2021/07/16 23:24:05 [ INFO] <web.go:212> ---->>>>checkIp 192.168.95.1****
2021/07/16 23:24:12 [DEBUG] <server.go:266> [channel1]HandleParseM3u8 localFile=/data/src/channel1/index.m3u8
2021/07/16 23:24:12 [DEBUG] <server.go:272> [channel1]HandleDownloadedM3u8 uri=http://cctvalih5ca.v.myalicdn.com/live/cctv1_2/index.m3u8 localFile=/data/src/channel1/index.m3u8
2021/07/16 23:24:12 [DEBUG] <server.go:276> [channel1]HandleDownloadedTs uri=http://cctvalih5ca.v.myalicdn.com/live/cctv1_2/cctv1_2md/1626449051_7470366.ts localFile=/data/src/channel1/cctv1_2md/1626449051_7470366.ts
2021/07/16 23:26:13 [ INFO] <main.go:149> src.debug Version=1.0.5 Build Time=[Jul 16 2021  23:26:08]
2021/07/16 23:26:13 [ INFO] <main.go:153> Start configLoad
2021/07/16 23:26:13 [ INFO] <main.go:124> (c *ConfigBusiness) configLoad Open config.json Success
2021/07/16 23:26:13 [ INFO] <main.go:136> (c *ConfigBusiness) configLoad config.json 
 adminListen=0.0.0.0:18086
 channelListen=0.0.0.0:18085

2021/07/16 23:26:13 [ INFO] <main.go:160> Create Web Manager
2021/07/16 23:26:13 [ INFO] <web.go:463> getStreamConfig
2021/07/16 23:26:13 [ INFO] <web.go:479> loadConfig Open config.json Success
2021/07/16 23:26:13 [ INFO] <web.go:498> getAdminsConfig
2021/07/16 23:26:13 [ INFO] <web.go:514> getAdminsConfig Open config.json Success
2021/07/16 23:26:13 [ INFO] <web.go:570> Create Channel Web Manager
2021/07/16 23:26:13 [ INFO] <web.go:577> Create Admin Web Manager
2021/07/16 23:26:13 [ INFO] <web.go:584> Create Streams Download Manager
2021/07/16 23:26:13 [ INFO] <server.go:323> loadConfig
2021/07/16 23:26:13 [ INFO] <server.go:338> loadConfig Open config.json Success
2021/07/16 23:26:13 [ INFO] <server.go:366> StreamsDownload Current Stream Count=1...
2021/07/16 23:26:13 [DEBUG] <server.go:266> [channel1]HandleParseM3u8 localFile=/data/src/channel1/index.m3u8
2021/07/16 23:26:13 [DEBUG] <server.go:272> [channel1]HandleDownloadedM3u8 uri=http://cctvalih5ca.v.myalicdn.com/live/cctv1_2/index.m3u8 localFile=/data/src/channel1/index.m3u8
2021/07/16 23:26:13 [DEBUG] <server.go:276> [channel1]HandleDownloadedTs uri=http://cctvalih5ca.v.myalicdn.com/live/cctv1_2/cctv1_2md/1626449157_7470376.ts localFile=/data/src/channel1/cctv1_2md/1626449157_7470376.ts
2021/07/16 23:26:13 [DEBUG] <server.go:276> [channel1]HandleDownloadedTs uri=http://cctvalih5ca.v.myalicdn.com/live/cctv1_2/cctv1_2md/1626449167_7470377.ts localFile=/data/src/channel1/cctv1_2md/1626449167_7470377.ts
2021/07/16 23:26:13 [DEBUG] <server.go:276> [channel1]HandleDownloadedTs uri=http://cctvalih5ca.v.myalicdn.com/live/cctv1_2/cctv1_2md/1626449136_7470374.ts localFile=/data/src/channel1/cctv1_2md/1626449136_7470374.ts
2021/07/16 23:26:13 [DEBUG] <server.go:276> [channel1]HandleDownloadedTs uri=http://cctvalih5ca.v.myalicdn.com/live/cctv1_2/cctv1_2md/1626449146_7470375.ts localFile=/data/src/channel1/cctv1_2md/1626449146_7470375.ts
2021/07/16 23:26:16 [ INFO] <web.go:399> ---->>>>GetStreams****
2021/07/16 23:26:16 [ INFO] <web.go:212> ---->>>>checkIp 192.168.95.1****
2021/07/16 23:26:22 [DEBUG] <server.go:266> [channel1]HandleParseM3u8 localFile=/data/src/channel1/index.m3u8
2021/07/16 23:26:33 [DEBUG] <server.go:266> [channel1]HandleParseM3u8 localFile=/data/src/channel1/index.m3u8
2021/07/16 23:26:33 [DEBUG] <server.go:272> [channel1]HandleDownloadedM3u8 uri=http://cctvalih5ca.v.myalicdn.com/live/cctv1_2/index.m3u8 localFile=/data/src/channel1/index.m3u8
2021/07/16 23:26:33 [DEBUG] <server.go:276> [channel1]HandleDownloadedTs uri=http://cctvalih5ca.v.myalicdn.com/live/cctv1_2/cctv1_2md/1626449177_7470378.ts localFile=/data/src/channel1/cctv1_2md/1626449177_7470378.ts
2021/07/16 23:26:33 [DEBUG] <server.go:272> [channel1]HandleDownloadedM3u8 uri=http://cctvalih5ca.v.myalicdn.com/live/cctv1_2/index.m3u8 localFile=/data/src/channel1/index.m3u8
2021/07/16 23:26:33 [DEBUG] <server.go:276> [channel1]HandleDownloadedTs uri=http://cctvalih5ca.v.myalicdn.com/live/cctv1_2/cctv1_2md/1626449187_7470379.ts localFile=/data/src/channel1/cctv1_2md/1626449187_7470379.ts
2021/07/16 23:26:39 [DEBUG] <server.go:266> [channel1]HandleParseM3u8 localFile=/data/src/channel1/index.m3u8
2021/07/16 23:26:39 [DEBUG] <server.go:272> [channel1]HandleDownloadedM3u8 uri=http://cctvalih5ca.v.myalicdn.com/live/cctv1_2/index.m3u8 localFile=/data/src/channel1/index.m3u8
2021/07/16 23:26:39 [DEBUG] <server.go:276> [channel1]HandleDownloadedTs uri=http://cctvalih5ca.v.myalicdn.com/live/cctv1_2/cctv1_2md/1626449198_7470380.ts localFile=/data/src/channel1/cctv1_2md/1626449198_7470380.ts
