2021/07/15 22:46:50 [ INFO] <main.go:149> src.debug Version=1.0.3 Build Time=[Jul 15 2021  22:46:28]
2021/07/15 22:46:50 [ INFO] <main.go:153> Start configLoad
2021/07/15 22:46:50 [ INFO] <main.go:124> (c *ConfigBusiness) configLoad Open config.json Success
2021/07/15 22:46:50 [ INFO] <main.go:136> (c *ConfigBusiness) configLoad config.json 
 adminListen=0.0.0.0:18086
 channelListen=0.0.0.0:18085

2021/07/15 22:46:50 [ INFO] <main.go:160> Create Web Manager
2021/07/15 22:46:50 [ INFO] <web.go:414> getStreamConfig
2021/07/15 22:46:50 [ INFO] <web.go:430> loadConfig Open config.json Success
2021/07/15 22:46:50 [ INFO] <web.go:449> getAdminsConfig
2021/07/15 22:46:50 [ INFO] <web.go:465> getAdminsConfig Open config.json Success
2021/07/15 22:46:50 [ INFO] <web.go:520> Create Channel Web Manager
2021/07/15 22:46:50 [ INFO] <web.go:527> Create Admin Web Manager
2021/07/15 22:46:50 [ INFO] <web.go:534> Create Streams Download Manager
2021/07/15 22:46:50 [ INFO] <server.go:323> loadConfig
2021/07/15 22:46:50 [ INFO] <server.go:338> loadConfig Open config.json Success
2021/07/15 22:46:50 [ INFO] <server.go:366> StreamsDownload Current Stream Count=1...
2021/07/15 22:46:50 [DEBUG] <server.go:266> [channel1]HandleParseM3u8 localFile=/data/src/channel1/index.m3u8
2021/07/15 22:46:50 [DEBUG] <server.go:272> [channel1]HandleDownloadedM3u8 uri=http://cctvalih5ca.v.myalicdn.com/live/cctv1_2/index.m3u8 localFile=/data/src/channel1/index.m3u8
2021/07/15 22:46:50 [DEBUG] <server.go:276> [channel1]HandleDownloadedTs uri=http://cctvalih5ca.v.myalicdn.com/live/cctv1_2/cctv1_2md/1626360374_7461892.ts localFile=/data/src/channel1/cctv1_2md/1626360374_7461892.ts
2021/07/15 22:46:50 [DEBUG] <server.go:276> [channel1]HandleDownloadedTs uri=http://cctvalih5ca.v.myalicdn.com/live/cctv1_2/cctv1_2md/1626360385_7461893.ts localFile=/data/src/channel1/cctv1_2md/1626360385_7461893.ts
2021/07/15 22:46:50 [DEBUG] <server.go:276> [channel1]HandleDownloadedTs uri=http://cctvalih5ca.v.myalicdn.com/live/cctv1_2/cctv1_2md/1626360395_7461894.ts localFile=/data/src/channel1/cctv1_2md/1626360395_7461894.ts
2021/07/15 22:46:50 [DEBUG] <server.go:276> [channel1]HandleDownloadedTs uri=http://cctvalih5ca.v.myalicdn.com/live/cctv1_2/cctv1_2md/1626360405_7461895.ts localFile=/data/src/channel1/cctv1_2md/1626360405_7461895.ts
2021/07/15 22:46:57 [DEBUG] <server.go:266> [channel1]HandleParseM3u8 localFile=/data/src/channel1/index.m3u8
2021/07/15 22:46:57 [DEBUG] <server.go:272> [channel1]HandleDownloadedM3u8 uri=http://cctvalih5ca.v.myalicdn.com/live/cctv1_2/index.m3u8 localFile=/data/src/channel1/index.m3u8
2021/07/15 22:46:57 [DEBUG] <server.go:276> [channel1]HandleDownloadedTs uri=http://cctvalih5ca.v.myalicdn.com/live/cctv1_2/cctv1_2md/1626360416_7461896.ts localFile=/data/src/channel1/cctv1_2md/1626360416_7461896.ts
2021/07/15 22:47:07 [DEBUG] <server.go:266> [channel1]HandleParseM3u8 localFile=/data/src/channel1/index.m3u8
2021/07/15 22:47:07 [DEBUG] <server.go:272> [channel1]HandleDownloadedM3u8 uri=http://cctvalih5ca.v.myalicdn.com/live/cctv1_2/index.m3u8 localFile=/data/src/channel1/index.m3u8
2021/07/15 22:47:07 [DEBUG] <server.go:276> [channel1]HandleDownloadedTs uri=http://cctvalih5ca.v.myalicdn.com/live/cctv1_2/cctv1_2md/1626360426_7461897.ts localFile=/data/src/channel1/cctv1_2md/1626360426_7461897.ts
2021/07/15 22:47:18 [DEBUG] <server.go:266> [channel1]HandleParseM3u8 localFile=/data/src/channel1/index.m3u8
2021/07/15 22:47:18 [DEBUG] <server.go:272> [channel1]HandleDownloadedM3u8 uri=http://cctvalih5ca.v.myalicdn.com/live/cctv1_2/index.m3u8 localFile=/data/src/channel1/index.m3u8
2021/07/15 22:47:18 [DEBUG] <server.go:276> [channel1]HandleDownloadedTs uri=http://cctvalih5ca.v.myalicdn.com/live/cctv1_2/cctv1_2md/1626360437_7461898.ts localFile=/data/src/channel1/cctv1_2md/1626360437_7461898.ts
2021/07/15 22:47:28 [DEBUG] <server.go:266> [channel1]HandleParseM3u8 localFile=/data/src/channel1/index.m3u8
2021/07/15 22:47:28 [DEBUG] <server.go:272> [channel1]HandleDownloadedM3u8 uri=http://cctvalih5ca.v.myalicdn.com/live/cctv1_2/index.m3u8 localFile=/data/src/channel1/index.m3u8
2021/07/15 22:47:28 [DEBUG] <server.go:276> [channel1]HandleDownloadedTs uri=http://cctvalih5ca.v.myalicdn.com/live/cctv1_2/cctv1_2md/1626360447_7461899.ts localFile=/data/src/channel1/cctv1_2md/1626360447_7461899.ts
2021/07/15 22:47:39 [DEBUG] <server.go:266> [channel1]HandleParseM3u8 localFile=/data/src/channel1/index.m3u8
2021/07/15 22:47:39 [DEBUG] <server.go:272> [channel1]HandleDownloadedM3u8 uri=http://cctvalih5ca.v.myalicdn.com/live/cctv1_2/index.m3u8 localFile=/data/src/channel1/index.m3u8
2021/07/15 22:47:39 [DEBUG] <server.go:276> [channel1]HandleDownloadedTs uri=http://cctvalih5ca.v.myalicdn.com/live/cctv1_2/cctv1_2md/1626360458_7461900.ts localFile=/data/src/channel1/cctv1_2md/1626360458_7461900.ts
2021/07/15 22:47:50 [DEBUG] <server.go:266> [channel1]HandleParseM3u8 localFile=/data/src/channel1/index.m3u8
2021/07/15 22:47:50 [DEBUG] <server.go:272> [channel1]HandleDownloadedM3u8 uri=http://cctvalih5ca.v.myalicdn.com/live/cctv1_2/index.m3u8 localFile=/data/src/channel1/index.m3u8
2021/07/15 22:47:50 [DEBUG] <server.go:276> [channel1]HandleDownloadedTs uri=http://cctvalih5ca.v.myalicdn.com/live/cctv1_2/cctv1_2md/1626360469_7461901.ts localFile=/data/src/channel1/cctv1_2md/1626360469_7461901.ts
2021/07/15 22:49:20 [ INFO] <main.go:149> src.debug Version=1.0.3 Build Time=[Jul 15 2021  22:48:45]
2021/07/15 22:49:20 [ INFO] <main.go:153> Start configLoad
2021/07/15 22:49:20 [ INFO] <main.go:124> (c *ConfigBusiness) configLoad Open config.json Success
2021/07/15 22:49:20 [ INFO] <main.go:136> (c *ConfigBusiness) configLoad config.json 
 adminListen=0.0.0.0:18086
 channelListen=0.0.0.0:18085

2021/07/15 22:49:20 [ INFO] <main.go:160> Create Web Manager
2021/07/15 22:49:20 [ INFO] <web.go:414> getStreamConfig
2021/07/15 22:49:20 [ INFO] <web.go:430> loadConfig Open config.json Success
2021/07/15 22:49:20 [ INFO] <web.go:449> getAdminsConfig
2021/07/15 22:49:20 [ INFO] <web.go:465> getAdminsConfig Open config.json Success
2021/07/15 22:49:20 [ INFO] <web.go:520> Create Channel Web Manager
2021/07/15 22:49:20 [ INFO] <web.go:527> Create Admin Web Manager
2021/07/15 22:49:20 [ INFO] <web.go:534> Create Streams Download Manager
2021/07/15 22:49:20 [ INFO] <server.go:323> loadConfig
2021/07/15 22:49:20 [ INFO] <server.go:338> loadConfig Open config.json Success
2021/07/15 22:49:20 [ INFO] <server.go:366> StreamsDownload Current Stream Count=1...
2021/07/15 22:49:20 [DEBUG] <server.go:266> [channel1]HandleParseM3u8 localFile=/data/src/channel1/index.m3u8
2021/07/15 22:49:20 [DEBUG] <server.go:272> [channel1]HandleDownloadedM3u8 uri=http://cctvalih5ca.v.myalicdn.com/live/cctv1_2/index.m3u8 localFile=/data/src/channel1/index.m3u8
2021/07/15 22:49:20 [DEBUG] <server.go:276> [channel1]HandleDownloadedTs uri=http://cctvalih5ca.v.myalicdn.com/live/cctv1_2/cctv1_2md/1626360543_7461908.ts localFile=/data/src/channel1/cctv1_2md/1626360543_7461908.ts
2021/07/15 22:49:20 [DEBUG] <server.go:276> [channel1]HandleDownloadedTs uri=http://cctvalih5ca.v.myalicdn.com/live/cctv1_2/cctv1_2md/1626360532_7461907.ts localFile=/data/src/channel1/cctv1_2md/1626360532_7461907.ts
2021/07/15 22:49:20 [DEBUG] <server.go:276> [channel1]HandleDownloadedTs uri=http://cctvalih5ca.v.myalicdn.com/live/cctv1_2/cctv1_2md/1626360554_7461909.ts localFile=/data/src/channel1/cctv1_2md/1626360554_7461909.ts
2021/07/15 22:49:20 [DEBUG] <server.go:276> [channel1]HandleDownloadedTs uri=http://cctvalih5ca.v.myalicdn.com/live/cctv1_2/cctv1_2md/1626360522_7461906.ts localFile=/data/src/channel1/cctv1_2md/1626360522_7461906.ts
2021/07/15 22:49:23 [ INFO] <web.go:351> ---->>>>DeleteStream****
2021/07/15 22:49:31 [ INFO] <web.go:199> ---->>>>checkIp 192.168.95.1****
2021/07/15 22:49:44 [DEBUG] <server.go:266> [channel1]HandleParseM3u8 localFile=/data/src/channel1/index.m3u8
2021/07/15 22:49:44 [DEBUG] <server.go:272> [channel1]HandleDownloadedM3u8 uri=http://cctvalih5ca.v.myalicdn.com/live/cctv1_2/index.m3u8 localFile=/data/src/channel1/index.m3u8
2021/07/15 22:49:44 [DEBUG] <server.go:276> [channel1]HandleDownloadedTs uri=http://cctvalih5ca.v.myalicdn.com/live/cctv1_2/cctv1_2md/1626360575_7461911.ts localFile=/data/src/channel1/cctv1_2md/1626360575_7461911.ts
2021/07/15 22:49:44 [DEBUG] <server.go:276> [channel1]HandleDownloadedTs uri=http://cctvalih5ca.v.myalicdn.com/live/cctv1_2/cctv1_2md/1626360564_7461910.ts localFile=/data/src/channel1/cctv1_2md/1626360564_7461910.ts
2021/07/15 22:50:02 [ INFO] <main.go:149> src.debug Version=1.0.3 Build Time=[Jul 15 2021  22:48:45]
2021/07/15 22:50:02 [ INFO] <main.go:153> Start configLoad
2021/07/15 22:50:02 [ INFO] <main.go:124> (c *ConfigBusiness) configLoad Open config.json Success
2021/07/15 22:50:02 [ INFO] <main.go:136> (c *ConfigBusiness) configLoad config.json 
 adminListen=0.0.0.0:18086
 channelListen=0.0.0.0:18085

2021/07/15 22:50:02 [ INFO] <main.go:160> Create Web Manager
2021/07/15 22:50:02 [ INFO] <web.go:414> getStreamConfig
2021/07/15 22:50:02 [ INFO] <web.go:430> loadConfig Open config.json Success
2021/07/15 22:50:02 [ INFO] <web.go:449> getAdminsConfig
2021/07/15 22:50:02 [ INFO] <web.go:465> getAdminsConfig Open config.json Success
2021/07/15 22:50:02 [ INFO] <web.go:520> Create Channel Web Manager
2021/07/15 22:50:02 [ INFO] <web.go:527> Create Admin Web Manager
2021/07/15 22:50:02 [ INFO] <web.go:534> Create Streams Download Manager
2021/07/15 22:50:02 [ INFO] <server.go:323> loadConfig
2021/07/15 22:50:02 [ INFO] <server.go:338> loadConfig Open config.json Success
2021/07/15 22:50:02 [ INFO] <server.go:366> StreamsDownload Current Stream Count=1...
2021/07/15 22:50:02 [DEBUG] <server.go:266> [channel1]HandleParseM3u8 localFile=/data/src/channel1/index.m3u8
2021/07/15 22:50:02 [DEBUG] <server.go:272> [channel1]HandleDownloadedM3u8 uri=http://cctvalih5ca.v.myalicdn.com/live/cctv1_2/index.m3u8 localFile=/data/src/channel1/index.m3u8
2021/07/15 22:50:03 [DEBUG] <server.go:276> [channel1]HandleDownloadedTs uri=http://cctvalih5ca.v.myalicdn.com/live/cctv1_2/cctv1_2md/1626360564_7461910.ts localFile=/data/src/channel1/cctv1_2md/1626360564_7461910.ts
2021/07/15 22:50:03 [DEBUG] <server.go:276> [channel1]HandleDownloadedTs uri=http://cctvalih5ca.v.myalicdn.com/live/cctv1_2/cctv1_2md/1626360596_7461913.ts localFile=/data/src/channel1/cctv1_2md/1626360596_7461913.ts
2021/07/15 22:50:03 [DEBUG] <server.go:276> [channel1]HandleDownloadedTs uri=http://cctvalih5ca.v.myalicdn.com/live/cctv1_2/cctv1_2md/1626360586_7461912.ts localFile=/data/src/channel1/cctv1_2md/1626360586_7461912.ts
2021/07/15 22:50:03 [DEBUG] <server.go:276> [channel1]HandleDownloadedTs uri=http://cctvalih5ca.v.myalicdn.com/live/cctv1_2/cctv1_2md/1626360575_7461911.ts localFile=/data/src/channel1/cctv1_2md/1626360575_7461911.ts
2021/07/15 22:50:09 [DEBUG] <server.go:266> [channel1]HandleParseM3u8 localFile=/data/src/channel1/index.m3u8
2021/07/15 22:50:09 [DEBUG] <server.go:272> [channel1]HandleDownloadedM3u8 uri=http://cctvalih5ca.v.myalicdn.com/live/cctv1_2/index.m3u8 localFile=/data/src/channel1/index.m3u8
2021/07/15 22:50:09 [DEBUG] <server.go:276> [channel1]HandleDownloadedTs uri=http://cctvalih5ca.v.myalicdn.com/live/cctv1_2/cctv1_2md/1626360607_7461914.ts localFile=/data/src/channel1/cctv1_2md/1626360607_7461914.ts
2021/07/15 22:50:19 [DEBUG] <server.go:266> [channel1]HandleParseM3u8 localFile=/data/src/channel1/index.m3u8
2021/07/15 22:50:19 [DEBUG] <server.go:272> [channel1]HandleDownloadedM3u8 uri=http://cctvalih5ca.v.myalicdn.com/live/cctv1_2/index.m3u8 localFile=/data/src/channel1/index.m3u8
2021/07/15 22:50:19 [DEBUG] <server.go:276> [channel1]HandleDownloadedTs uri=http://cctvalih5ca.v.myalicdn.com/live/cctv1_2/cctv1_2md/1626360617_7461915.ts localFile=/data/src/channel1/cctv1_2md/1626360617_7461915.ts
2021/07/15 22:50:34 [ INFO] <main.go:149> src.debug Version=1.0.3 Build Time=[Jul 15 2021  22:48:45]
2021/07/15 22:50:34 [ INFO] <main.go:153> Start configLoad
2021/07/15 22:50:34 [ INFO] <main.go:124> (c *ConfigBusiness) configLoad Open config.json Success
2021/07/15 22:50:34 [ INFO] <main.go:136> (c *ConfigBusiness) configLoad config.json 
 adminListen=0.0.0.0:18086
 channelListen=0.0.0.0:18085

2021/07/15 22:50:34 [ INFO] <main.go:160> Create Web Manager
2021/07/15 22:50:34 [ INFO] <web.go:414> getStreamConfig
2021/07/15 22:50:34 [ INFO] <web.go:430> loadConfig Open config.json Success
2021/07/15 22:50:34 [ INFO] <web.go:449> getAdminsConfig
2021/07/15 22:50:34 [ INFO] <web.go:465> getAdminsConfig Open config.json Success
2021/07/15 22:50:34 [ INFO] <web.go:520> Create Channel Web Manager
2021/07/15 22:50:34 [ INFO] <web.go:527> Create Admin Web Manager
2021/07/15 22:50:34 [ INFO] <web.go:534> Create Streams Download Manager
2021/07/15 22:50:34 [ INFO] <server.go:323> loadConfig
2021/07/15 22:50:34 [ INFO] <server.go:338> loadConfig Open config.json Success
2021/07/15 22:50:34 [ INFO] <server.go:366> StreamsDownload Current Stream Count=1...
2021/07/15 22:50:34 [DEBUG] <server.go:266> [channel1]HandleParseM3u8 localFile=/data/src/channel1/index.m3u8
2021/07/15 22:50:34 [DEBUG] <server.go:272> [channel1]HandleDownloadedM3u8 uri=http://cctvalih5ca.v.myalicdn.com/live/cctv1_2/index.m3u8 localFile=/data/src/channel1/index.m3u8
2021/07/15 22:50:34 [DEBUG] <server.go:276> [channel1]HandleDownloadedTs uri=http://cctvalih5ca.v.myalicdn.com/live/cctv1_2/cctv1_2md/1626360596_7461913.ts localFile=/data/src/channel1/cctv1_2md/1626360596_7461913.ts
2021/07/15 22:50:34 [DEBUG] <server.go:276> [channel1]HandleDownloadedTs uri=http://cctvalih5ca.v.myalicdn.com/live/cctv1_2/cctv1_2md/1626360607_7461914.ts localFile=/data/src/channel1/cctv1_2md/1626360607_7461914.ts
2021/07/15 22:50:34 [DEBUG] <server.go:276> [channel1]HandleDownloadedTs uri=http://cctvalih5ca.v.myalicdn.com/live/cctv1_2/cctv1_2md/1626360617_7461915.ts localFile=/data/src/channel1/cctv1_2md/1626360617_7461915.ts
2021/07/15 22:50:34 [DEBUG] <server.go:276> [channel1]HandleDownloadedTs uri=http://cctvalih5ca.v.myalicdn.com/live/cctv1_2/cctv1_2md/1626360627_7461916.ts localFile=/data/src/channel1/cctv1_2md/1626360627_7461916.ts
2021/07/15 22:50:37 [ INFO] <web.go:351> ---->>>>DeleteStream****
2021/07/15 22:50:40 [ INFO] <web.go:199> ---->>>>checkIp 192.168.95.1****
2021/07/15 22:51:27 [DEBUG] <server.go:266> [channel1]HandleParseM3u8 localFile=/data/src/channel1/index.m3u8
2021/07/15 22:51:27 [DEBUG] <server.go:272> [channel1]HandleDownloadedM3u8 uri=http://cctvalih5ca.v.myalicdn.com/live/cctv1_2/index.m3u8 localFile=/data/src/channel1/index.m3u8
2021/07/15 22:51:27 [DEBUG] <server.go:276> [channel1]HandleDownloadedTs uri=http://cctvalih5ca.v.myalicdn.com/live/cctv1_2/cctv1_2md/1626360659_7461919.ts localFile=/data/src/channel1/cctv1_2md/1626360659_7461919.ts
2021/07/15 22:51:27 [DEBUG] <server.go:276> [channel1]HandleDownloadedTs uri=http://cctvalih5ca.v.myalicdn.com/live/cctv1_2/cctv1_2md/1626360648_7461918.ts localFile=/data/src/channel1/cctv1_2md/1626360648_7461918.ts
2021/07/15 22:51:27 [DEBUG] <server.go:276> [channel1]HandleDownloadedTs uri=http://cctvalih5ca.v.myalicdn.com/live/cctv1_2/cctv1_2md/1626360680_7461921.ts localFile=/data/src/channel1/cctv1_2md/1626360680_7461921.ts
2021/07/15 22:51:27 [DEBUG] <server.go:276> [channel1]HandleDownloadedTs uri=http://cctvalih5ca.v.myalicdn.com/live/cctv1_2/cctv1_2md/1626360670_7461920.ts localFile=/data/src/channel1/cctv1_2md/1626360670_7461920.ts
2021/07/15 22:52:30 [ INFO] <main.go:149> src.debug Version=1.0.3 Build Time=[Jul 15 2021  22:52:25]
2021/07/15 22:52:30 [ INFO] <main.go:153> Start configLoad
2021/07/15 22:52:30 [ INFO] <main.go:124> (c *ConfigBusiness) configLoad Open config.json Success
2021/07/15 22:52:30 [ INFO] <main.go:136> (c *ConfigBusiness) configLoad config.json 
 adminListen=0.0.0.0:18086
 channelListen=0.0.0.0:18085

2021/07/15 22:52:30 [ INFO] <main.go:160> Create Web Manager
2021/07/15 22:52:30 [ INFO] <web.go:415> getStreamConfig
2021/07/15 22:52:30 [ INFO] <web.go:431> loadConfig Open config.json Success
2021/07/15 22:52:30 [ INFO] <web.go:450> getAdminsConfig
2021/07/15 22:52:30 [ INFO] <web.go:466> getAdminsConfig Open config.json Success
2021/07/15 22:52:30 [ INFO] <web.go:521> Create Channel Web Manager
2021/07/15 22:52:30 [ INFO] <web.go:528> Create Admin Web Manager
2021/07/15 22:52:30 [ INFO] <web.go:535> Create Streams Download Manager
2021/07/15 22:52:30 [ INFO] <server.go:323> loadConfig
2021/07/15 22:52:30 [ INFO] <server.go:338> loadConfig Open config.json Success
2021/07/15 22:52:30 [ INFO] <server.go:366> StreamsDownload Current Stream Count=1...
2021/07/15 22:52:30 [DEBUG] <server.go:266> [channel1]HandleParseM3u8 localFile=/data/src/channel1/index.m3u8
2021/07/15 22:52:30 [DEBUG] <server.go:276> [channel1]HandleDownloadedTs uri=http://cctvalih5ca.v.myalicdn.com/live/cctv1_2/cctv1_2md/1626360732_7461926.ts localFile=/data/src/channel1/cctv1_2md/1626360732_7461926.ts
2021/07/15 22:52:30 [DEBUG] <server.go:272> [channel1]HandleDownloadedM3u8 uri=http://cctvalih5ca.v.myalicdn.com/live/cctv1_2/index.m3u8 localFile=/data/src/channel1/index.m3u8
2021/07/15 22:52:30 [DEBUG] <server.go:276> [channel1]HandleDownloadedTs uri=http://cctvalih5ca.v.myalicdn.com/live/cctv1_2/cctv1_2md/1626360721_7461925.ts localFile=/data/src/channel1/cctv1_2md/1626360721_7461925.ts
2021/07/15 22:52:30 [DEBUG] <server.go:276> [channel1]HandleDownloadedTs uri=http://cctvalih5ca.v.myalicdn.com/live/cctv1_2/cctv1_2md/1626360743_7461927.ts localFile=/data/src/channel1/cctv1_2md/1626360743_7461927.ts
2021/07/15 22:52:30 [DEBUG] <server.go:276> [channel1]HandleDownloadedTs uri=http://cctvalih5ca.v.myalicdn.com/live/cctv1_2/cctv1_2md/1626360711_7461924.ts localFile=/data/src/channel1/cctv1_2md/1626360711_7461924.ts
2021/07/15 22:52:34 [DEBUG] <server.go:266> [channel1]HandleParseM3u8 localFile=/data/src/channel1/index.m3u8
2021/07/15 22:52:34 [DEBUG] <server.go:272> [channel1]HandleDownloadedM3u8 uri=http://cctvalih5ca.v.myalicdn.com/live/cctv1_2/index.m3u8 localFile=/data/src/channel1/index.m3u8
2021/07/15 22:52:34 [DEBUG] <server.go:276> [channel1]HandleDownloadedTs uri=http://cctvalih5ca.v.myalicdn.com/live/cctv1_2/cctv1_2md/1626360753_7461928.ts localFile=/data/src/channel1/cctv1_2md/1626360753_7461928.ts
2021/07/15 22:52:47 [ INFO] <main.go:149> src.debug Version=1.0.3 Build Time=[Jul 15 2021  22:52:25]
2021/07/15 22:52:47 [ INFO] <main.go:153> Start configLoad
2021/07/15 22:52:47 [ INFO] <main.go:124> (c *ConfigBusiness) configLoad Open config.json Success
2021/07/15 22:52:47 [ INFO] <main.go:136> (c *ConfigBusiness) configLoad config.json 
 adminListen=0.0.0.0:18086
 channelListen=0.0.0.0:18085

2021/07/15 22:52:47 [ INFO] <main.go:160> Create Web Manager
2021/07/15 22:52:47 [ INFO] <web.go:415> getStreamConfig
2021/07/15 22:52:47 [ INFO] <web.go:431> loadConfig Open config.json Success
2021/07/15 22:52:47 [ INFO] <web.go:450> getAdminsConfig
2021/07/15 22:52:47 [ INFO] <web.go:466> getAdminsConfig Open config.json Success
2021/07/15 22:52:47 [ INFO] <web.go:521> Create Channel Web Manager
2021/07/15 22:52:47 [ INFO] <web.go:528> Create Admin Web Manager
2021/07/15 22:52:47 [ INFO] <web.go:535> Create Streams Download Manager
2021/07/15 22:52:47 [ INFO] <server.go:323> loadConfig
2021/07/15 22:52:47 [ INFO] <server.go:338> loadConfig Open config.json Success
2021/07/15 22:52:47 [ INFO] <server.go:366> StreamsDownload Current Stream Count=1...
2021/07/15 22:52:48 [DEBUG] <server.go:266> [channel1]HandleParseM3u8 localFile=/data/src/channel1/index.m3u8
2021/07/15 22:52:48 [DEBUG] <server.go:276> [channel1]HandleDownloadedTs uri=http://cctvalih5ca.v.myalicdn.com/live/cctv1_2/cctv1_2md/1626360753_7461928.ts localFile=/data/src/channel1/cctv1_2md/1626360753_7461928.ts
2021/07/15 22:52:48 [DEBUG] <server.go:276> [channel1]HandleDownloadedTs uri=http://cctvalih5ca.v.myalicdn.com/live/cctv1_2/cctv1_2md/1626360743_7461927.ts localFile=/data/src/channel1/cctv1_2md/1626360743_7461927.ts
2021/07/15 22:52:48 [DEBUG] <server.go:272> [channel1]HandleDownloadedM3u8 uri=http://cctvalih5ca.v.myalicdn.com/live/cctv1_2/index.m3u8 localFile=/data/src/channel1/index.m3u8
2021/07/15 22:52:48 [DEBUG] <server.go:276> [channel1]HandleDownloadedTs uri=http://cctvalih5ca.v.myalicdn.com/live/cctv1_2/cctv1_2md/1626360763_7461929.ts localFile=/data/src/channel1/cctv1_2md/1626360763_7461929.ts
2021/07/15 22:52:48 [DEBUG] <server.go:276> [channel1]HandleDownloadedTs uri=http://cctvalih5ca.v.myalicdn.com/live/cctv1_2/cctv1_2md/1626360732_7461926.ts localFile=/data/src/channel1/cctv1_2md/1626360732_7461926.ts
2021/07/15 22:52:51 [ INFO] <web.go:351> ---->>>>DeleteStream****
2021/07/15 22:52:57 [ INFO] <web.go:199> ---->>>>checkIp 192.168.95.1****
2021/07/15 22:53:00 [DEBUG] <server.go:266> [channel1]HandleParseM3u8 localFile=/data/src/channel1/index.m3u8
2021/07/15 22:53:00 [DEBUG] <server.go:272> [channel1]HandleDownloadedM3u8 uri=http://cctvalih5ca.v.myalicdn.com/live/cctv1_2/index.m3u8 localFile=/data/src/channel1/index.m3u8
2021/07/15 22:53:00 [DEBUG] <server.go:276> [channel1]HandleDownloadedTs uri=http://cctvalih5ca.v.myalicdn.com/live/cctv1_2/cctv1_2md/1626360774_7461930.ts localFile=/data/src/channel1/cctv1_2md/1626360774_7461930.ts
2021/07/15 22:53:01 [ INFO] <web.go:371> ---->>>>deleteStream success uri=http://cctvalih5ca.v.myalicdn.com/live/cctv1_2/index.m3u8
2021/07/15 22:58:22 [ INFO] <main.go:149> src.debug Version=1.0.3 Build Time=[Jul 15 2021  22:52:25]
2021/07/15 22:58:22 [ INFO] <main.go:153> Start configLoad
2021/07/15 22:58:22 [ INFO] <main.go:124> (c *ConfigBusiness) configLoad Open config.json Success
2021/07/15 22:58:22 [ INFO] <main.go:136> (c *ConfigBusiness) configLoad config.json 
 adminListen=0.0.0.0:18086
 channelListen=0.0.0.0:18085

2021/07/15 22:58:22 [ INFO] <main.go:160> Create Web Manager
2021/07/15 22:58:22 [ INFO] <web.go:415> getStreamConfig
2021/07/15 22:58:22 [ INFO] <web.go:431> loadConfig Open config.json Success
2021/07/15 22:58:22 [ INFO] <web.go:450> getAdminsConfig
2021/07/15 22:58:22 [ INFO] <web.go:466> getAdminsConfig Open config.json Success
2021/07/15 22:58:22 [ INFO] <web.go:521> Create Channel Web Manager
2021/07/15 22:58:22 [ INFO] <web.go:528> Create Admin Web Manager
2021/07/15 22:58:22 [ INFO] <web.go:535> Create Streams Download Manager
2021/07/15 22:58:22 [ INFO] <server.go:323> loadConfig
2021/07/15 22:58:22 [ INFO] <server.go:338> loadConfig Open config.json Success
2021/07/15 22:58:22 [ INFO] <server.go:366> StreamsDownload Current Stream Count=1...
2021/07/15 22:58:22 [DEBUG] <server.go:266> [channel1]HandleParseM3u8 localFile=/data/src/channel1/index.m3u8
2021/07/15 22:58:23 [DEBUG] <server.go:272> [channel1]HandleDownloadedM3u8 uri=http://cctvalih5ca.v.myalicdn.com/live/cctv1_2/index.m3u8 localFile=/data/src/channel1/index.m3u8
2021/07/15 22:58:23 [DEBUG] <server.go:276> [channel1]HandleDownloadedTs uri=http://cctvalih5ca.v.myalicdn.com/live/cctv1_2/cctv1_2md/1626361077_7461959.ts localFile=/data/src/channel1/cctv1_2md/1626361077_7461959.ts
2021/07/15 22:58:23 [DEBUG] <server.go:276> [channel1]HandleDownloadedTs uri=http://cctvalih5ca.v.myalicdn.com/live/cctv1_2/cctv1_2md/1626361088_7461960.ts localFile=/data/src/channel1/cctv1_2md/1626361088_7461960.ts
2021/07/15 22:58:23 [DEBUG] <server.go:276> [channel1]HandleDownloadedTs uri=http://cctvalih5ca.v.myalicdn.com/live/cctv1_2/cctv1_2md/1626361066_7461958.ts localFile=/data/src/channel1/cctv1_2md/1626361066_7461958.ts
2021/07/15 22:58:23 [DEBUG] <server.go:276> [channel1]HandleDownloadedTs uri=http://cctvalih5ca.v.myalicdn.com/live/cctv1_2/cctv1_2md/1626361098_7461961.ts localFile=/data/src/channel1/cctv1_2md/1626361098_7461961.ts
2021/07/15 22:58:29 [DEBUG] <server.go:266> [channel1]HandleParseM3u8 localFile=/data/src/channel1/index.m3u8
2021/07/15 22:58:30 [DEBUG] <server.go:272> [channel1]HandleDownloadedM3u8 uri=http://cctvalih5ca.v.myalicdn.com/live/cctv1_2/index.m3u8 localFile=/data/src/channel1/index.m3u8
2021/07/15 22:58:30 [DEBUG] <server.go:276> [channel1]HandleDownloadedTs uri=http://cctvalih5ca.v.myalicdn.com/live/cctv1_2/cctv1_2md/1626361108_7461962.ts localFile=/data/src/channel1/cctv1_2md/1626361108_7461962.ts
2021/07/15 22:58:40 [DEBUG] <server.go:266> [channel1]HandleParseM3u8 localFile=/data/src/channel1/index.m3u8
2021/07/15 22:58:41 [DEBUG] <server.go:272> [channel1]HandleDownloadedM3u8 uri=http://cctvalih5ca.v.myalicdn.com/live/cctv1_2/index.m3u8 localFile=/data/src/channel1/index.m3u8
2021/07/15 22:58:41 [DEBUG] <server.go:276> [channel1]HandleDownloadedTs uri=http://cctvalih5ca.v.myalicdn.com/live/cctv1_2/cctv1_2md/1626361119_7461963.ts localFile=/data/src/channel1/cctv1_2md/1626361119_7461963.ts
2021/07/15 22:58:50 [DEBUG] <server.go:266> [channel1]HandleParseM3u8 localFile=/data/src/channel1/index.m3u8
2021/07/15 22:58:51 [DEBUG] <server.go:272> [channel1]HandleDownloadedM3u8 uri=http://cctvalih5ca.v.myalicdn.com/live/cctv1_2/index.m3u8 localFile=/data/src/channel1/index.m3u8
2021/07/15 22:58:51 [DEBUG] <server.go:276> [channel1]HandleDownloadedTs uri=http://cctvalih5ca.v.myalicdn.com/live/cctv1_2/cctv1_2md/1626361129_7461964.ts localFile=/data/src/channel1/cctv1_2md/1626361129_7461964.ts
2021/07/15 22:59:00 [DEBUG] <server.go:266> [channel1]HandleParseM3u8 localFile=/data/src/channel1/index.m3u8
2021/07/15 22:59:01 [DEBUG] <server.go:272> [channel1]HandleDownloadedM3u8 uri=http://cctvalih5ca.v.myalicdn.com/live/cctv1_2/index.m3u8 localFile=/data/src/channel1/index.m3u8
2021/07/15 22:59:01 [DEBUG] <server.go:276> [channel1]HandleDownloadedTs uri=http://cctvalih5ca.v.myalicdn.com/live/cctv1_2/cctv1_2md/1626361139_7461965.ts localFile=/data/src/channel1/cctv1_2md/1626361139_7461965.ts
2021/07/15 22:59:10 [ INFO] <web.go:351> ---->>>>DeleteStream****
2021/07/15 22:59:10 [ INFO] <web.go:199> ---->>>>checkIp 192.168.95.1****
2021/07/15 22:59:11 [ INFO] <web.go:371> ---->>>>deleteStream success uri=http://cctvalih5ca.v.myalicdn.com/live/cctv1_2/index.m3u8
2021/07/15 23:00:26 [ INFO] <main.go:149> src.debug Version=1.0.3 Build Time=[Jul 15 2021  22:52:25]
2021/07/15 23:00:26 [ INFO] <main.go:153> Start configLoad
2021/07/15 23:00:26 [ INFO] <main.go:124> (c *ConfigBusiness) configLoad Open config.json Success
2021/07/15 23:00:26 [ INFO] <main.go:136> (c *ConfigBusiness) configLoad config.json 
 adminListen=0.0.0.0:18086
 channelListen=0.0.0.0:18085

2021/07/15 23:00:26 [ INFO] <main.go:160> Create Web Manager
2021/07/15 23:00:26 [ INFO] <web.go:415> getStreamConfig
2021/07/15 23:00:26 [ INFO] <web.go:431> loadConfig Open config.json Success
2021/07/15 23:00:26 [ INFO] <web.go:450> getAdminsConfig
2021/07/15 23:00:26 [ INFO] <web.go:466> getAdminsConfig Open config.json Success
2021/07/15 23:00:26 [ INFO] <web.go:521> Create Channel Web Manager
2021/07/15 23:00:26 [ INFO] <web.go:528> Create Admin Web Manager
2021/07/15 23:00:26 [ INFO] <web.go:535> Create Streams Download Manager
2021/07/15 23:00:26 [ INFO] <server.go:323> loadConfig
2021/07/15 23:00:26 [ INFO] <server.go:338> loadConfig Open config.json Success
2021/07/15 23:00:26 [ INFO] <server.go:366> StreamsDownload Current Stream Count=1...
2021/07/15 23:00:27 [DEBUG] <server.go:266> [channel1]HandleParseM3u8 localFile=/data/src/channel1/index.m3u8
2021/07/15 23:00:28 [DEBUG] <server.go:272> [channel1]HandleDownloadedM3u8 uri=http://cctvalih5ca.v.myalicdn.com/live/cctv1_2/index.m3u8 localFile=/data/src/channel1/index.m3u8
2021/07/15 23:00:28 [DEBUG] <server.go:276> [channel1]HandleDownloadedTs uri=http://cctvalih5ca.v.myalicdn.com/live/cctv1_2/cctv1_2md/1626361203_7461971.ts localFile=/data/src/channel1/cctv1_2md/1626361203_7461971.ts
2021/07/15 23:00:28 [DEBUG] <server.go:276> [channel1]HandleDownloadedTs uri=http://cctvalih5ca.v.myalicdn.com/live/cctv1_2/cctv1_2md/1626361193_7461970.ts localFile=/data/src/channel1/cctv1_2md/1626361193_7461970.ts
2021/07/15 23:00:28 [DEBUG] <server.go:276> [channel1]HandleDownloadedTs uri=http://cctvalih5ca.v.myalicdn.com/live/cctv1_2/cctv1_2md/1626361213_7461972.ts localFile=/data/src/channel1/cctv1_2md/1626361213_7461972.ts
2021/07/15 23:00:28 [DEBUG] <server.go:276> [channel1]HandleDownloadedTs uri=http://cctvalih5ca.v.myalicdn.com/live/cctv1_2/cctv1_2md/1626361224_7461973.ts localFile=/data/src/channel1/cctv1_2md/1626361224_7461973.ts
2021/07/15 23:00:35 [DEBUG] <server.go:266> [channel1]HandleParseM3u8 localFile=/data/src/channel1/index.m3u8
2021/07/15 23:00:36 [DEBUG] <server.go:272> [channel1]HandleDownloadedM3u8 uri=http://cctvalih5ca.v.myalicdn.com/live/cctv1_2/index.m3u8 localFile=/data/src/channel1/index.m3u8
2021/07/15 23:00:36 [DEBUG] <server.go:276> [channel1]HandleDownloadedTs uri=http://cctvalih5ca.v.myalicdn.com/live/cctv1_2/cctv1_2md/1626361234_7461974.ts localFile=/data/src/channel1/cctv1_2md/1626361234_7461974.ts
2021/07/15 23:00:46 [DEBUG] <server.go:266> [channel1]HandleParseM3u8 localFile=/data/src/channel1/index.m3u8
2021/07/15 23:00:47 [DEBUG] <server.go:272> [channel1]HandleDownloadedM3u8 uri=http://cctvalih5ca.v.myalicdn.com/live/cctv1_2/index.m3u8 localFile=/data/src/channel1/index.m3u8
2021/07/15 23:00:47 [DEBUG] <server.go:276> [channel1]HandleDownloadedTs uri=http://cctvalih5ca.v.myalicdn.com/live/cctv1_2/cctv1_2md/1626361245_7461975.ts localFile=/data/src/channel1/cctv1_2md/1626361245_7461975.ts
2021/07/15 23:00:57 [DEBUG] <server.go:266> [channel1]HandleParseM3u8 localFile=/data/src/channel1/index.m3u8
2021/07/15 23:00:57 [DEBUG] <server.go:272> [channel1]HandleDownloadedM3u8 uri=http://cctvalih5ca.v.myalicdn.com/live/cctv1_2/index.m3u8 localFile=/data/src/channel1/index.m3u8
2021/07/15 23:00:57 [DEBUG] <server.go:276> [channel1]HandleDownloadedTs uri=http://cctvalih5ca.v.myalicdn.com/live/cctv1_2/cctv1_2md/1626361255_7461976.ts localFile=/data/src/channel1/cctv1_2md/1626361255_7461976.ts
2021/07/15 23:00:59 [ INFO] <web.go:351> ---->>>>DeleteStream****
2021/07/15 23:00:59 [ INFO] <web.go:199> ---->>>>checkIp 192.168.95.1****
2021/07/15 23:00:59 [ INFO] <web.go:371> ---->>>>deleteStream success uri=http://cctvalih5ca.v.myalicdn.com/live/cctv1_2/index.m3u8
2021/07/15 23:01:12 [ INFO] <web.go:301> ---->>>>AddStream****
2021/07/15 23:01:12 [ INFO] <web.go:199> ---->>>>checkIp 192.168.95.1****
2021/07/15 23:01:12 [DEBUG] <server.go:266> [channel1]HandleParseM3u8 localFile=/data/src/channel1/index.m3u8
2021/07/15 23:01:12 [DEBUG] <server.go:272> [channel1]HandleDownloadedM3u8 uri=http://cctvalih5ca.v.myalicdn.com/live/cctv1_2/index.m3u8 localFile=/data/src/channel1/index.m3u8
2021/07/15 23:01:12 [DEBUG] <server.go:276> [channel1]HandleDownloadedTs uri=http://cctvalih5ca.v.myalicdn.com/live/cctv1_2/cctv1_2md/1626361255_7461976.ts localFile=/data/src/channel1/cctv1_2md/1626361255_7461976.ts
2021/07/15 23:01:12 [DEBUG] <server.go:276> [channel1]HandleDownloadedTs uri=http://cctvalih5ca.v.myalicdn.com/live/cctv1_2/cctv1_2md/1626361245_7461975.ts localFile=/data/src/channel1/cctv1_2md/1626361245_7461975.ts
2021/07/15 23:01:12 [DEBUG] <server.go:276> [channel1]HandleDownloadedTs uri=http://cctvalih5ca.v.myalicdn.com/live/cctv1_2/cctv1_2md/1626361234_7461974.ts localFile=/data/src/channel1/cctv1_2md/1626361234_7461974.ts
2021/07/15 23:01:12 [DEBUG] <server.go:276> [channel1]HandleDownloadedTs uri=http://cctvalih5ca.v.myalicdn.com/live/cctv1_2/cctv1_2md/1626361265_7461977.ts localFile=/data/src/channel1/cctv1_2md/1626361265_7461977.ts
2021/07/15 23:01:17 [DEBUG] <server.go:266> [channel1]HandleParseM3u8 localFile=/data/src/channel1/index.m3u8
2021/07/15 23:01:17 [DEBUG] <server.go:272> [channel1]HandleDownloadedM3u8 uri=http://cctvalih5ca.v.myalicdn.com/live/cctv1_2/index.m3u8 localFile=/data/src/channel1/index.m3u8
2021/07/15 23:01:17 [DEBUG] <server.go:276> [channel1]HandleDownloadedTs uri=http://cctvalih5ca.v.myalicdn.com/live/cctv1_2/cctv1_2md/1626361276_7461978.ts localFile=/data/src/channel1/cctv1_2md/1626361276_7461978.ts
2021/07/15 23:01:27 [DEBUG] <server.go:266> [channel1]HandleParseM3u8 localFile=/data/src/channel1/index.m3u8
2021/07/15 23:01:27 [DEBUG] <server.go:272> [channel1]HandleDownloadedM3u8 uri=http://cctvalih5ca.v.myalicdn.com/live/cctv1_2/index.m3u8 localFile=/data/src/channel1/index.m3u8
2021/07/15 23:01:27 [DEBUG] <server.go:276> [channel1]HandleDownloadedTs uri=http://cctvalih5ca.v.myalicdn.com/live/cctv1_2/cctv1_2md/1626361286_7461979.ts localFile=/data/src/channel1/cctv1_2md/1626361286_7461979.ts
2021/07/15 23:01:32 [ INFO] <web.go:351> ---->>>>DeleteStream****
2021/07/15 23:01:32 [ INFO] <web.go:199> ---->>>>checkIp 192.168.95.1****
2021/07/15 23:01:33 [ INFO] <web.go:371> ---->>>>deleteStream success uri=http://cctvalih5ca.v.myalicdn.com/live/cctv1_2/index.m3u8
2021/07/15 23:02:26 [ WARN] <server.go:146> [channel1]Download m3u8 not changed over 1 minute!
2021/07/15 23:02:42 [ WARN] <server.go:146> [channel1]Download m3u8 not changed over 1 minute!
2021/07/15 23:02:56 [ WARN] <server.go:146> [channel1]Download m3u8 not changed over 1 minute!
2021/07/15 23:03:12 [ WARN] <server.go:146> [channel1]Download m3u8 not changed over 1 minute!
2021/07/15 23:03:26 [ WARN] <server.go:146> [channel1]Download m3u8 not changed over 1 minute!
2021/07/15 23:03:42 [ WARN] <server.go:146> [channel1]Download m3u8 not changed over 1 minute!
2021/07/15 23:03:56 [ WARN] <server.go:146> [channel1]Download m3u8 not changed over 1 minute!
2021/07/15 23:03:58 [ INFO] <web.go:301> ---->>>>AddStream****
2021/07/15 23:03:58 [ INFO] <web.go:199> ---->>>>checkIp 192.168.95.1****
2021/07/15 23:03:58 [DEBUG] <server.go:266> [channel1]HandleParseM3u8 localFile=/data/src/channel1/index.m3u8
2021/07/15 23:03:59 [DEBUG] <server.go:272> [channel1]HandleDownloadedM3u8 uri=http://cctvalih5ca.v.myalicdn.com/live/cctv1_2/index.m3u8 localFile=/data/src/channel1/index.m3u8
2021/07/15 23:03:59 [DEBUG] <server.go:276> [channel1]HandleDownloadedTs uri=http://cctvalih5ca.v.myalicdn.com/live/cctv1_2/cctv1_2md/1626361433_7461994.ts localFile=/data/src/channel1/cctv1_2md/1626361433_7461994.ts
2021/07/15 23:03:59 [DEBUG] <server.go:276> [channel1]HandleDownloadedTs uri=http://cctvalih5ca.v.myalicdn.com/live/cctv1_2/cctv1_2md/1626361423_7461993.ts localFile=/data/src/channel1/cctv1_2md/1626361423_7461993.ts
2021/07/15 23:03:59 [DEBUG] <server.go:276> [channel1]HandleDownloadedTs uri=http://cctvalih5ca.v.myalicdn.com/live/cctv1_2/cctv1_2md/1626361403_7461991.ts localFile=/data/src/channel1/cctv1_2md/1626361403_7461991.ts
2021/07/15 23:03:59 [DEBUG] <server.go:276> [channel1]HandleDownloadedTs uri=http://cctvalih5ca.v.myalicdn.com/live/cctv1_2/cctv1_2md/1626361411_7461992.ts localFile=/data/src/channel1/cctv1_2md/1626361411_7461992.ts
2021/07/15 23:04:05 [DEBUG] <server.go:266> [channel1]HandleParseM3u8 localFile=/data/src/channel1/index.m3u8
2021/07/15 23:04:06 [DEBUG] <server.go:272> [channel1]HandleDownloadedM3u8 uri=http://cctvalih5ca.v.myalicdn.com/live/cctv1_2/index.m3u8 localFile=/data/src/channel1/index.m3u8
2021/07/15 23:04:06 [DEBUG] <server.go:276> [channel1]HandleDownloadedTs uri=http://cctvalih5ca.v.myalicdn.com/live/cctv1_2/cctv1_2md/1626361444_7461995.ts localFile=/data/src/channel1/cctv1_2md/1626361444_7461995.ts
2021/07/15 23:04:12 [ WARN] <server.go:146> [channel1]Download m3u8 not changed over 1 minute!
2021/07/15 23:04:16 [DEBUG] <server.go:266> [channel1]HandleParseM3u8 localFile=/data/src/channel1/index.m3u8
2021/07/15 23:04:17 [DEBUG] <server.go:272> [channel1]HandleDownloadedM3u8 uri=http://cctvalih5ca.v.myalicdn.com/live/cctv1_2/index.m3u8 localFile=/data/src/channel1/index.m3u8
2021/07/15 23:04:17 [DEBUG] <server.go:276> [channel1]HandleDownloadedTs uri=http://cctvalih5ca.v.myalicdn.com/live/cctv1_2/cctv1_2md/1626361455_7461996.ts localFile=/data/src/channel1/cctv1_2md/1626361455_7461996.ts
2021/07/15 23:04:26 [ WARN] <server.go:146> [channel1]Download m3u8 not changed over 1 minute!
2021/07/15 23:04:26 [DEBUG] <server.go:266> [channel1]HandleParseM3u8 localFile=/data/src/channel1/index.m3u8
2021/07/15 23:04:27 [DEBUG] <server.go:272> [channel1]HandleDownloadedM3u8 uri=http://cctvalih5ca.v.myalicdn.com/live/cctv1_2/index.m3u8 localFile=/data/src/channel1/index.m3u8
2021/07/15 23:04:27 [DEBUG] <server.go:276> [channel1]HandleDownloadedTs uri=http://cctvalih5ca.v.myalicdn.com/live/cctv1_2/cctv1_2md/1626361465_7461997.ts localFile=/data/src/channel1/cctv1_2md/1626361465_7461997.ts
2021/07/15 23:04:36 [DEBUG] <server.go:266> [channel1]HandleParseM3u8 localFile=/data/src/channel1/index.m3u8
2021/07/15 23:04:37 [DEBUG] <server.go:272> [channel1]HandleDownloadedM3u8 uri=http://cctvalih5ca.v.myalicdn.com/live/cctv1_2/index.m3u8 localFile=/data/src/channel1/index.m3u8
2021/07/15 23:04:37 [DEBUG] <server.go:276> [channel1]HandleDownloadedTs uri=http://cctvalih5ca.v.myalicdn.com/live/cctv1_2/cctv1_2md/1626361476_7461998.ts localFile=/data/src/channel1/cctv1_2md/1626361476_7461998.ts
2021/07/15 23:04:42 [ WARN] <server.go:146> [channel1]Download m3u8 not changed over 1 minute!
2021/07/15 23:04:48 [DEBUG] <server.go:266> [channel1]HandleParseM3u8 localFile=/data/src/channel1/index.m3u8
2021/07/15 23:04:48 [DEBUG] <server.go:272> [channel1]HandleDownloadedM3u8 uri=http://cctvalih5ca.v.myalicdn.com/live/cctv1_2/index.m3u8 localFile=/data/src/channel1/index.m3u8
2021/07/15 23:04:48 [DEBUG] <server.go:276> [channel1]HandleDownloadedTs uri=http://cctvalih5ca.v.myalicdn.com/live/cctv1_2/cctv1_2md/1626361486_7461999.ts localFile=/data/src/channel1/cctv1_2md/1626361486_7461999.ts
2021/07/15 23:04:56 [ WARN] <server.go:146> [channel1]Download m3u8 not changed over 1 minute!
2021/07/15 23:04:59 [DEBUG] <server.go:266> [channel1]HandleParseM3u8 localFile=/data/src/channel1/index.m3u8
2021/07/15 23:04:59 [DEBUG] <server.go:272> [channel1]HandleDownloadedM3u8 uri=http://cctvalih5ca.v.myalicdn.com/live/cctv1_2/index.m3u8 localFile=/data/src/channel1/index.m3u8
2021/07/15 23:04:59 [DEBUG] <server.go:276> [channel1]HandleDownloadedTs uri=http://cctvalih5ca.v.myalicdn.com/live/cctv1_2/cctv1_2md/1626361497_7462000.ts localFile=/data/src/channel1/cctv1_2md/1626361497_7462000.ts
2021/07/15 23:05:10 [DEBUG] <server.go:266> [channel1]HandleParseM3u8 localFile=/data/src/channel1/index.m3u8
2021/07/15 23:05:10 [DEBUG] <server.go:272> [channel1]HandleDownloadedM3u8 uri=http://cctvalih5ca.v.myalicdn.com/live/cctv1_2/index.m3u8 localFile=/data/src/channel1/index.m3u8
2021/07/15 23:05:10 [DEBUG] <server.go:276> [channel1]HandleDownloadedTs uri=http://cctvalih5ca.v.myalicdn.com/live/cctv1_2/cctv1_2md/1626361507_7462001.ts localFile=/data/src/channel1/cctv1_2md/1626361507_7462001.ts
2021/07/15 23:05:12 [ WARN] <server.go:146> [channel1]Download m3u8 not changed over 1 minute!
2021/07/15 23:05:19 [DEBUG] <server.go:266> [channel1]HandleParseM3u8 localFile=/data/src/channel1/index.m3u8
2021/07/15 23:05:19 [DEBUG] <server.go:272> [channel1]HandleDownloadedM3u8 uri=http://cctvalih5ca.v.myalicdn.com/live/cctv1_2/index.m3u8 localFile=/data/src/channel1/index.m3u8
2021/07/15 23:05:19 [DEBUG] <server.go:276> [channel1]HandleDownloadedTs uri=http://cctvalih5ca.v.myalicdn.com/live/cctv1_2/cctv1_2md/1626361517_7462002.ts localFile=/data/src/channel1/cctv1_2md/1626361517_7462002.ts
2021/07/15 23:05:26 [ WARN] <server.go:146> [channel1]Download m3u8 not changed over 1 minute!
2021/07/15 23:05:29 [DEBUG] <server.go:266> [channel1]HandleParseM3u8 localFile=/data/src/channel1/index.m3u8
2021/07/15 23:05:29 [DEBUG] <server.go:272> [channel1]HandleDownloadedM3u8 uri=http://cctvalih5ca.v.myalicdn.com/live/cctv1_2/index.m3u8 localFile=/data/src/channel1/index.m3u8
2021/07/15 23:05:29 [DEBUG] <server.go:276> [channel1]HandleDownloadedTs uri=http://cctvalih5ca.v.myalicdn.com/live/cctv1_2/cctv1_2md/1626361528_7462003.ts localFile=/data/src/channel1/cctv1_2md/1626361528_7462003.ts
2021/07/15 23:05:39 [DEBUG] <server.go:266> [channel1]HandleParseM3u8 localFile=/data/src/channel1/index.m3u8
2021/07/15 23:05:39 [DEBUG] <server.go:272> [channel1]HandleDownloadedM3u8 uri=http://cctvalih5ca.v.myalicdn.com/live/cctv1_2/index.m3u8 localFile=/data/src/channel1/index.m3u8
2021/07/15 23:05:39 [DEBUG] <server.go:276> [channel1]HandleDownloadedTs uri=http://cctvalih5ca.v.myalicdn.com/live/cctv1_2/cctv1_2md/1626361538_7462004.ts localFile=/data/src/channel1/cctv1_2md/1626361538_7462004.ts
2021/07/15 23:05:42 [ WARN] <server.go:146> [channel1]Download m3u8 not changed over 1 minute!
2021/07/15 23:05:49 [DEBUG] <server.go:266> [channel1]HandleParseM3u8 localFile=/data/src/channel1/index.m3u8
2021/07/15 23:05:49 [DEBUG] <server.go:272> [channel1]HandleDownloadedM3u8 uri=http://cctvalih5ca.v.myalicdn.com/live/cctv1_2/index.m3u8 localFile=/data/src/channel1/index.m3u8
2021/07/15 23:05:49 [DEBUG] <server.go:276> [channel1]HandleDownloadedTs uri=http://cctvalih5ca.v.myalicdn.com/live/cctv1_2/cctv1_2md/1626361548_7462005.ts localFile=/data/src/channel1/cctv1_2md/1626361548_7462005.ts
2021/07/15 23:05:56 [ WARN] <server.go:146> [channel1]Download m3u8 not changed over 1 minute!
2021/07/15 23:06:00 [DEBUG] <server.go:266> [channel1]HandleParseM3u8 localFile=/data/src/channel1/index.m3u8
2021/07/15 23:06:00 [DEBUG] <server.go:272> [channel1]HandleDownloadedM3u8 uri=http://cctvalih5ca.v.myalicdn.com/live/cctv1_2/index.m3u8 localFile=/data/src/channel1/index.m3u8
2021/07/15 23:06:00 [DEBUG] <server.go:276> [channel1]HandleDownloadedTs uri=http://cctvalih5ca.v.myalicdn.com/live/cctv1_2/cctv1_2md/1626361559_7462006.ts localFile=/data/src/channel1/cctv1_2md/1626361559_7462006.ts
2021/07/15 23:06:10 [DEBUG] <server.go:266> [channel1]HandleParseM3u8 localFile=/data/src/channel1/index.m3u8
2021/07/15 23:06:10 [DEBUG] <server.go:272> [channel1]HandleDownloadedM3u8 uri=http://cctvalih5ca.v.myalicdn.com/live/cctv1_2/index.m3u8 localFile=/data/src/channel1/index.m3u8
2021/07/15 23:06:10 [DEBUG] <server.go:276> [channel1]HandleDownloadedTs uri=http://cctvalih5ca.v.myalicdn.com/live/cctv1_2/cctv1_2md/1626361569_7462007.ts localFile=/data/src/channel1/cctv1_2md/1626361569_7462007.ts
2021/07/15 23:06:12 [ WARN] <server.go:146> [channel1]Download m3u8 not changed over 1 minute!
2021/07/15 23:06:21 [DEBUG] <server.go:266> [channel1]HandleParseM3u8 localFile=/data/src/channel1/index.m3u8
2021/07/15 23:06:21 [DEBUG] <server.go:272> [channel1]HandleDownloadedM3u8 uri=http://cctvalih5ca.v.myalicdn.com/live/cctv1_2/index.m3u8 localFile=/data/src/channel1/index.m3u8
2021/07/15 23:06:21 [DEBUG] <server.go:276> [channel1]HandleDownloadedTs uri=http://cctvalih5ca.v.myalicdn.com/live/cctv1_2/cctv1_2md/1626361580_7462008.ts localFile=/data/src/channel1/cctv1_2md/1626361580_7462008.ts
2021/07/15 23:06:26 [ WARN] <server.go:146> [channel1]Download m3u8 not changed over 1 minute!
2021/07/15 23:06:31 [DEBUG] <server.go:266> [channel1]HandleParseM3u8 localFile=/data/src/channel1/index.m3u8
2021/07/15 23:06:31 [DEBUG] <server.go:272> [channel1]HandleDownloadedM3u8 uri=http://cctvalih5ca.v.myalicdn.com/live/cctv1_2/index.m3u8 localFile=/data/src/channel1/index.m3u8
2021/07/15 23:06:31 [DEBUG] <server.go:276> [channel1]HandleDownloadedTs uri=http://cctvalih5ca.v.myalicdn.com/live/cctv1_2/cctv1_2md/1626361590_7462009.ts localFile=/data/src/channel1/cctv1_2md/1626361590_7462009.ts
2021/07/15 23:06:42 [DEBUG] <server.go:266> [channel1]HandleParseM3u8 localFile=/data/src/channel1/index.m3u8
2021/07/15 23:06:42 [DEBUG] <server.go:272> [channel1]HandleDownloadedM3u8 uri=http://cctvalih5ca.v.myalicdn.com/live/cctv1_2/index.m3u8 localFile=/data/src/channel1/index.m3u8
2021/07/15 23:06:42 [DEBUG] <server.go:276> [channel1]HandleDownloadedTs uri=http://cctvalih5ca.v.myalicdn.com/live/cctv1_2/cctv1_2md/1626361601_7462010.ts localFile=/data/src/channel1/cctv1_2md/1626361601_7462010.ts
2021/07/15 23:06:42 [ WARN] <server.go:146> [channel1]Download m3u8 not changed over 1 minute!
2021/07/15 23:06:53 [DEBUG] <server.go:266> [channel1]HandleParseM3u8 localFile=/data/src/channel1/index.m3u8
2021/07/15 23:06:53 [DEBUG] <server.go:272> [channel1]HandleDownloadedM3u8 uri=http://cctvalih5ca.v.myalicdn.com/live/cctv1_2/index.m3u8 localFile=/data/src/channel1/index.m3u8
2021/07/15 23:06:53 [DEBUG] <server.go:276> [channel1]HandleDownloadedTs uri=http://cctvalih5ca.v.myalicdn.com/live/cctv1_2/cctv1_2md/1626361612_7462011.ts localFile=/data/src/channel1/cctv1_2md/1626361612_7462011.ts
2021/07/15 23:06:56 [ WARN] <server.go:146> [channel1]Download m3u8 not changed over 1 minute!
2021/07/15 23:07:03 [DEBUG] <server.go:266> [channel1]HandleParseM3u8 localFile=/data/src/channel1/index.m3u8
2021/07/15 23:07:03 [DEBUG] <server.go:272> [channel1]HandleDownloadedM3u8 uri=http://cctvalih5ca.v.myalicdn.com/live/cctv1_2/index.m3u8 localFile=/data/src/channel1/index.m3u8
2021/07/15 23:07:03 [DEBUG] <server.go:276> [channel1]HandleDownloadedTs uri=http://cctvalih5ca.v.myalicdn.com/live/cctv1_2/cctv1_2md/1626361622_7462012.ts localFile=/data/src/channel1/cctv1_2md/1626361622_7462012.ts
2021/07/15 23:07:12 [ WARN] <server.go:146> [channel1]Download m3u8 not changed over 1 minute!
2021/07/15 23:07:14 [DEBUG] <server.go:266> [channel1]HandleParseM3u8 localFile=/data/src/channel1/index.m3u8
2021/07/15 23:07:14 [DEBUG] <server.go:272> [channel1]HandleDownloadedM3u8 uri=http://cctvalih5ca.v.myalicdn.com/live/cctv1_2/index.m3u8 localFile=/data/src/channel1/index.m3u8
2021/07/15 23:07:14 [DEBUG] <server.go:276> [channel1]HandleDownloadedTs uri=http://cctvalih5ca.v.myalicdn.com/live/cctv1_2/cctv1_2md/1626361633_7462013.ts localFile=/data/src/channel1/cctv1_2md/1626361633_7462013.ts
2021/07/15 23:07:24 [DEBUG] <server.go:266> [channel1]HandleParseM3u8 localFile=/data/src/channel1/index.m3u8
2021/07/15 23:07:24 [DEBUG] <server.go:272> [channel1]HandleDownloadedM3u8 uri=http://cctvalih5ca.v.myalicdn.com/live/cctv1_2/index.m3u8 localFile=/data/src/channel1/index.m3u8
2021/07/15 23:07:24 [DEBUG] <server.go:276> [channel1]HandleDownloadedTs uri=http://cctvalih5ca.v.myalicdn.com/live/cctv1_2/cctv1_2md/1626361643_7462014.ts localFile=/data/src/channel1/cctv1_2md/1626361643_7462014.ts
2021/07/15 23:07:26 [ WARN] <server.go:146> [channel1]Download m3u8 not changed over 1 minute!
2021/07/15 23:07:35 [DEBUG] <server.go:266> [channel1]HandleParseM3u8 localFile=/data/src/channel1/index.m3u8
2021/07/15 23:07:35 [DEBUG] <server.go:272> [channel1]HandleDownloadedM3u8 uri=http://cctvalih5ca.v.myalicdn.com/live/cctv1_2/index.m3u8 localFile=/data/src/channel1/index.m3u8
2021/07/15 23:07:35 [DEBUG] <server.go:276> [channel1]HandleDownloadedTs uri=http://cctvalih5ca.v.myalicdn.com/live/cctv1_2/cctv1_2md/1626361654_7462015.ts localFile=/data/src/channel1/cctv1_2md/1626361654_7462015.ts
2021/07/15 23:07:42 [ WARN] <server.go:146> [channel1]Download m3u8 not changed over 1 minute!
2021/07/15 23:07:45 [DEBUG] <server.go:266> [channel1]HandleParseM3u8 localFile=/data/src/channel1/index.m3u8
2021/07/15 23:07:45 [DEBUG] <server.go:272> [channel1]HandleDownloadedM3u8 uri=http://cctvalih5ca.v.myalicdn.com/live/cctv1_2/index.m3u8 localFile=/data/src/channel1/index.m3u8
2021/07/15 23:07:45 [DEBUG] <server.go:276> [channel1]HandleDownloadedTs uri=http://cctvalih5ca.v.myalicdn.com/live/cctv1_2/cctv1_2md/1626361664_7462016.ts localFile=/data/src/channel1/cctv1_2md/1626361664_7462016.ts
2021/07/15 23:07:55 [DEBUG] <server.go:266> [channel1]HandleParseM3u8 localFile=/data/src/channel1/index.m3u8
2021/07/15 23:07:55 [DEBUG] <server.go:272> [channel1]HandleDownloadedM3u8 uri=http://cctvalih5ca.v.myalicdn.com/live/cctv1_2/index.m3u8 localFile=/data/src/channel1/index.m3u8
2021/07/15 23:07:55 [DEBUG] <server.go:276> [channel1]HandleDownloadedTs uri=http://cctvalih5ca.v.myalicdn.com/live/cctv1_2/cctv1_2md/1626361674_7462017.ts localFile=/data/src/channel1/cctv1_2md/1626361674_7462017.ts
2021/07/15 23:07:56 [ WARN] <server.go:146> [channel1]Download m3u8 not changed over 1 minute!
2021/07/15 23:08:06 [DEBUG] <server.go:266> [channel1]HandleParseM3u8 localFile=/data/src/channel1/index.m3u8
2021/07/15 23:08:06 [DEBUG] <server.go:272> [channel1]HandleDownloadedM3u8 uri=http://cctvalih5ca.v.myalicdn.com/live/cctv1_2/index.m3u8 localFile=/data/src/channel1/index.m3u8
2021/07/15 23:08:06 [DEBUG] <server.go:276> [channel1]HandleDownloadedTs uri=http://cctvalih5ca.v.myalicdn.com/live/cctv1_2/cctv1_2md/1626361685_7462018.ts localFile=/data/src/channel1/cctv1_2md/1626361685_7462018.ts
2021/07/15 23:08:12 [ WARN] <server.go:146> [channel1]Download m3u8 not changed over 1 minute!
2021/07/15 23:08:16 [DEBUG] <server.go:266> [channel1]HandleParseM3u8 localFile=/data/src/channel1/index.m3u8
2021/07/15 23:08:16 [DEBUG] <server.go:272> [channel1]HandleDownloadedM3u8 uri=http://cctvalih5ca.v.myalicdn.com/live/cctv1_2/index.m3u8 localFile=/data/src/channel1/index.m3u8
2021/07/15 23:08:16 [DEBUG] <server.go:276> [channel1]HandleDownloadedTs uri=http://cctvalih5ca.v.myalicdn.com/live/cctv1_2/cctv1_2md/1626361695_7462019.ts localFile=/data/src/channel1/cctv1_2md/1626361695_7462019.ts
2021/07/15 23:08:26 [DEBUG] <server.go:266> [channel1]HandleParseM3u8 localFile=/data/src/channel1/index.m3u8
2021/07/15 23:08:26 [DEBUG] <server.go:272> [channel1]HandleDownloadedM3u8 uri=http://cctvalih5ca.v.myalicdn.com/live/cctv1_2/index.m3u8 localFile=/data/src/channel1/index.m3u8
2021/07/15 23:08:26 [DEBUG] <server.go:276> [channel1]HandleDownloadedTs uri=http://cctvalih5ca.v.myalicdn.com/live/cctv1_2/cctv1_2md/1626361705_7462020.ts localFile=/data/src/channel1/cctv1_2md/1626361705_7462020.ts
2021/07/15 23:08:26 [ WARN] <server.go:146> [channel1]Download m3u8 not changed over 1 minute!
2021/07/15 23:08:37 [DEBUG] <server.go:266> [channel1]HandleParseM3u8 localFile=/data/src/channel1/index.m3u8
2021/07/15 23:08:37 [DEBUG] <server.go:272> [channel1]HandleDownloadedM3u8 uri=http://cctvalih5ca.v.myalicdn.com/live/cctv1_2/index.m3u8 localFile=/data/src/channel1/index.m3u8
2021/07/15 23:08:37 [DEBUG] <server.go:276> [channel1]HandleDownloadedTs uri=http://cctvalih5ca.v.myalicdn.com/live/cctv1_2/cctv1_2md/1626361716_7462021.ts localFile=/data/src/channel1/cctv1_2md/1626361716_7462021.ts
2021/07/15 23:08:42 [ WARN] <server.go:146> [channel1]Download m3u8 not changed over 1 minute!
2021/07/15 23:08:48 [DEBUG] <server.go:266> [channel1]HandleParseM3u8 localFile=/data/src/channel1/index.m3u8
2021/07/15 23:08:48 [DEBUG] <server.go:276> [channel1]HandleDownloadedTs uri=http://cctvalih5ca.v.myalicdn.com/live/cctv1_2/cctv1_2md/1626361727_7462022.ts localFile=/data/src/channel1/cctv1_2md/1626361727_7462022.ts
2021/07/15 23:08:48 [DEBUG] <server.go:272> [channel1]HandleDownloadedM3u8 uri=http://cctvalih5ca.v.myalicdn.com/live/cctv1_2/index.m3u8 localFile=/data/src/channel1/index.m3u8
2021/07/15 23:08:56 [ WARN] <server.go:146> [channel1]Download m3u8 not changed over 1 minute!
2021/07/15 23:08:59 [DEBUG] <server.go:266> [channel1]HandleParseM3u8 localFile=/data/src/channel1/index.m3u8
2021/07/15 23:08:59 [DEBUG] <server.go:272> [channel1]HandleDownloadedM3u8 uri=http://cctvalih5ca.v.myalicdn.com/live/cctv1_2/index.m3u8 localFile=/data/src/channel1/index.m3u8
2021/07/15 23:08:59 [DEBUG] <server.go:276> [channel1]HandleDownloadedTs uri=http://cctvalih5ca.v.myalicdn.com/live/cctv1_2/cctv1_2md/1626361738_7462023.ts localFile=/data/src/channel1/cctv1_2md/1626361738_7462023.ts
2021/07/15 23:09:09 [DEBUG] <server.go:266> [channel1]HandleParseM3u8 localFile=/data/src/channel1/index.m3u8
2021/07/15 23:09:09 [DEBUG] <server.go:272> [channel1]HandleDownloadedM3u8 uri=http://cctvalih5ca.v.myalicdn.com/live/cctv1_2/index.m3u8 localFile=/data/src/channel1/index.m3u8
2021/07/15 23:09:09 [DEBUG] <server.go:276> [channel1]HandleDownloadedTs uri=http://cctvalih5ca.v.myalicdn.com/live/cctv1_2/cctv1_2md/1626361748_7462024.ts localFile=/data/src/channel1/cctv1_2md/1626361748_7462024.ts
2021/07/15 23:09:12 [ WARN] <server.go:146> [channel1]Download m3u8 not changed over 1 minute!
2021/07/15 23:09:19 [DEBUG] <server.go:266> [channel1]HandleParseM3u8 localFile=/data/src/channel1/index.m3u8
2021/07/15 23:09:19 [DEBUG] <server.go:272> [channel1]HandleDownloadedM3u8 uri=http://cctvalih5ca.v.myalicdn.com/live/cctv1_2/index.m3u8 localFile=/data/src/channel1/index.m3u8
2021/07/15 23:09:19 [DEBUG] <server.go:276> [channel1]HandleDownloadedTs uri=http://cctvalih5ca.v.myalicdn.com/live/cctv1_2/cctv1_2md/1626361758_7462025.ts localFile=/data/src/channel1/cctv1_2md/1626361758_7462025.ts
2021/07/15 23:09:26 [ WARN] <server.go:146> [channel1]Download m3u8 not changed over 1 minute!
2021/07/15 23:09:30 [DEBUG] <server.go:266> [channel1]HandleParseM3u8 localFile=/data/src/channel1/index.m3u8
2021/07/15 23:09:30 [DEBUG] <server.go:272> [channel1]HandleDownloadedM3u8 uri=http://cctvalih5ca.v.myalicdn.com/live/cctv1_2/index.m3u8 localFile=/data/src/channel1/index.m3u8
2021/07/15 23:09:30 [DEBUG] <server.go:276> [channel1]HandleDownloadedTs uri=http://cctvalih5ca.v.myalicdn.com/live/cctv1_2/cctv1_2md/1626361769_7462026.ts localFile=/data/src/channel1/cctv1_2md/1626361769_7462026.ts
2021/07/15 23:09:40 [DEBUG] <server.go:266> [channel1]HandleParseM3u8 localFile=/data/src/channel1/index.m3u8
2021/07/15 23:09:40 [DEBUG] <server.go:272> [channel1]HandleDownloadedM3u8 uri=http://cctvalih5ca.v.myalicdn.com/live/cctv1_2/index.m3u8 localFile=/data/src/channel1/index.m3u8
2021/07/15 23:09:40 [DEBUG] <server.go:276> [channel1]HandleDownloadedTs uri=http://cctvalih5ca.v.myalicdn.com/live/cctv1_2/cctv1_2md/1626361779_7462027.ts localFile=/data/src/channel1/cctv1_2md/1626361779_7462027.ts
2021/07/15 23:09:42 [ WARN] <server.go:146> [channel1]Download m3u8 not changed over 1 minute!
2021/07/15 23:09:51 [DEBUG] <server.go:266> [channel1]HandleParseM3u8 localFile=/data/src/channel1/index.m3u8
2021/07/15 23:09:51 [DEBUG] <server.go:272> [channel1]HandleDownloadedM3u8 uri=http://cctvalih5ca.v.myalicdn.com/live/cctv1_2/index.m3u8 localFile=/data/src/channel1/index.m3u8
2021/07/15 23:09:51 [DEBUG] <server.go:276> [channel1]HandleDownloadedTs uri=http://cctvalih5ca.v.myalicdn.com/live/cctv1_2/cctv1_2md/1626361790_7462028.ts localFile=/data/src/channel1/cctv1_2md/1626361790_7462028.ts
2021/07/15 23:09:56 [ WARN] <server.go:146> [channel1]Download m3u8 not changed over 1 minute!
2021/07/15 23:10:02 [DEBUG] <server.go:266> [channel1]HandleParseM3u8 localFile=/data/src/channel1/index.m3u8
2021/07/15 23:10:02 [DEBUG] <server.go:272> [channel1]HandleDownloadedM3u8 uri=http://cctvalih5ca.v.myalicdn.com/live/cctv1_2/index.m3u8 localFile=/data/src/channel1/index.m3u8
2021/07/15 23:10:02 [DEBUG] <server.go:276> [channel1]HandleDownloadedTs uri=http://cctvalih5ca.v.myalicdn.com/live/cctv1_2/cctv1_2md/1626361801_7462029.ts localFile=/data/src/channel1/cctv1_2md/1626361801_7462029.ts
2021/07/15 23:10:12 [DEBUG] <server.go:266> [channel1]HandleParseM3u8 localFile=/data/src/channel1/index.m3u8
2021/07/15 23:10:12 [ WARN] <server.go:146> [channel1]Download m3u8 not changed over 1 minute!
2021/07/15 23:10:12 [DEBUG] <server.go:272> [channel1]HandleDownloadedM3u8 uri=http://cctvalih5ca.v.myalicdn.com/live/cctv1_2/index.m3u8 localFile=/data/src/channel1/index.m3u8
2021/07/15 23:10:12 [DEBUG] <server.go:276> [channel1]HandleDownloadedTs uri=http://cctvalih5ca.v.myalicdn.com/live/cctv1_2/cctv1_2md/1626361811_7462030.ts localFile=/data/src/channel1/cctv1_2md/1626361811_7462030.ts
2021/07/15 23:10:23 [DEBUG] <server.go:266> [channel1]HandleParseM3u8 localFile=/data/src/channel1/index.m3u8
2021/07/15 23:10:23 [DEBUG] <server.go:272> [channel1]HandleDownloadedM3u8 uri=http://cctvalih5ca.v.myalicdn.com/live/cctv1_2/index.m3u8 localFile=/data/src/channel1/index.m3u8
2021/07/15 23:10:23 [DEBUG] <server.go:276> [channel1]HandleDownloadedTs uri=http://cctvalih5ca.v.myalicdn.com/live/cctv1_2/cctv1_2md/1626361822_7462031.ts localFile=/data/src/channel1/cctv1_2md/1626361822_7462031.ts
2021/07/15 23:10:26 [ WARN] <server.go:146> [channel1]Download m3u8 not changed over 1 minute!
2021/07/15 23:10:33 [DEBUG] <server.go:266> [channel1]HandleParseM3u8 localFile=/data/src/channel1/index.m3u8
2021/07/15 23:10:33 [DEBUG] <server.go:272> [channel1]HandleDownloadedM3u8 uri=http://cctvalih5ca.v.myalicdn.com/live/cctv1_2/index.m3u8 localFile=/data/src/channel1/index.m3u8
2021/07/15 23:10:33 [DEBUG] <server.go:276> [channel1]HandleDownloadedTs uri=http://cctvalih5ca.v.myalicdn.com/live/cctv1_2/cctv1_2md/1626361832_7462032.ts localFile=/data/src/channel1/cctv1_2md/1626361832_7462032.ts
2021/07/15 23:10:42 [ WARN] <server.go:146> [channel1]Download m3u8 not changed over 1 minute!
2021/07/15 23:10:44 [DEBUG] <server.go:266> [channel1]HandleParseM3u8 localFile=/data/src/channel1/index.m3u8
2021/07/15 23:10:44 [DEBUG] <server.go:272> [channel1]HandleDownloadedM3u8 uri=http://cctvalih5ca.v.myalicdn.com/live/cctv1_2/index.m3u8 localFile=/data/src/channel1/index.m3u8
2021/07/15 23:10:44 [DEBUG] <server.go:276> [channel1]HandleDownloadedTs uri=http://cctvalih5ca.v.myalicdn.com/live/cctv1_2/cctv1_2md/1626361843_7462033.ts localFile=/data/src/channel1/cctv1_2md/1626361843_7462033.ts
2021/07/15 23:10:55 [DEBUG] <server.go:266> [channel1]HandleParseM3u8 localFile=/data/src/channel1/index.m3u8
2021/07/15 23:10:55 [DEBUG] <server.go:272> [channel1]HandleDownloadedM3u8 uri=http://cctvalih5ca.v.myalicdn.com/live/cctv1_2/index.m3u8 localFile=/data/src/channel1/index.m3u8
2021/07/15 23:10:55 [DEBUG] <server.go:276> [channel1]HandleDownloadedTs uri=http://cctvalih5ca.v.myalicdn.com/live/cctv1_2/cctv1_2md/1626361854_7462034.ts localFile=/data/src/channel1/cctv1_2md/1626361854_7462034.ts
2021/07/15 23:10:56 [ WARN] <server.go:146> [channel1]Download m3u8 not changed over 1 minute!
2021/07/15 23:11:05 [DEBUG] <server.go:266> [channel1]HandleParseM3u8 localFile=/data/src/channel1/index.m3u8
2021/07/15 23:11:05 [DEBUG] <server.go:276> [channel1]HandleDownloadedTs uri=http://cctvalih5ca.v.myalicdn.com/live/cctv1_2/cctv1_2md/1626361864_7462035.ts localFile=/data/src/channel1/cctv1_2md/1626361864_7462035.ts
2021/07/15 23:11:05 [DEBUG] <server.go:272> [channel1]HandleDownloadedM3u8 uri=http://cctvalih5ca.v.myalicdn.com/live/cctv1_2/index.m3u8 localFile=/data/src/channel1/index.m3u8
2021/07/15 23:11:12 [ WARN] <server.go:146> [channel1]Download m3u8 not changed over 1 minute!
2021/07/15 23:11:16 [DEBUG] <server.go:266> [channel1]HandleParseM3u8 localFile=/data/src/channel1/index.m3u8
2021/07/15 23:11:16 [DEBUG] <server.go:272> [channel1]HandleDownloadedM3u8 uri=http://cctvalih5ca.v.myalicdn.com/live/cctv1_2/index.m3u8 localFile=/data/src/channel1/index.m3u8
2021/07/15 23:11:16 [DEBUG] <server.go:276> [channel1]HandleDownloadedTs uri=http://cctvalih5ca.v.myalicdn.com/live/cctv1_2/cctv1_2md/1626361875_7462036.ts localFile=/data/src/channel1/cctv1_2md/1626361875_7462036.ts
2021/07/15 23:11:26 [DEBUG] <server.go:266> [channel1]HandleParseM3u8 localFile=/data/src/channel1/index.m3u8
2021/07/15 23:11:26 [DEBUG] <server.go:272> [channel1]HandleDownloadedM3u8 uri=http://cctvalih5ca.v.myalicdn.com/live/cctv1_2/index.m3u8 localFile=/data/src/channel1/index.m3u8
2021/07/15 23:11:26 [DEBUG] <server.go:276> [channel1]HandleDownloadedTs uri=http://cctvalih5ca.v.myalicdn.com/live/cctv1_2/cctv1_2md/1626361885_7462037.ts localFile=/data/src/channel1/cctv1_2md/1626361885_7462037.ts
2021/07/15 23:11:26 [ WARN] <server.go:146> [channel1]Download m3u8 not changed over 1 minute!
2021/07/15 23:11:37 [DEBUG] <server.go:266> [channel1]HandleParseM3u8 localFile=/data/src/channel1/index.m3u8
2021/07/15 23:11:37 [DEBUG] <server.go:272> [channel1]HandleDownloadedM3u8 uri=http://cctvalih5ca.v.myalicdn.com/live/cctv1_2/index.m3u8 localFile=/data/src/channel1/index.m3u8
2021/07/15 23:11:37 [DEBUG] <server.go:276> [channel1]HandleDownloadedTs uri=http://cctvalih5ca.v.myalicdn.com/live/cctv1_2/cctv1_2md/1626361896_7462038.ts localFile=/data/src/channel1/cctv1_2md/1626361896_7462038.ts
2021/07/15 23:11:40 [ INFO] <web.go:210> ---->>>>GetIndexStream Request clientIP=192.168.95.1****
2021/07/15 23:11:40 [ INFO] <web.go:199> ---->>>>checkIp 192.168.95.1****
2021/07/15 23:11:40 [ INFO] <web.go:255> ---->>>>GetTsStream Request clientIP=192.168.95.1****
2021/07/15 23:11:40 [ INFO] <web.go:199> ---->>>>checkIp 192.168.95.1****
2021/07/15 23:11:42 [ INFO] <web.go:255> ---->>>>GetTsStream Request clientIP=192.168.95.1****
2021/07/15 23:11:42 [ INFO] <web.go:199> ---->>>>checkIp 192.168.95.1****
2021/07/15 23:11:42 [ WARN] <server.go:146> [channel1]Download m3u8 not changed over 1 minute!
2021/07/15 23:11:45 [ INFO] <web.go:255> ---->>>>GetTsStream Request clientIP=192.168.95.1****
2021/07/15 23:11:45 [ INFO] <web.go:199> ---->>>>checkIp 192.168.95.1****
2021/07/15 23:11:48 [DEBUG] <server.go:266> [channel1]HandleParseM3u8 localFile=/data/src/channel1/index.m3u8
2021/07/15 23:11:48 [DEBUG] <server.go:272> [channel1]HandleDownloadedM3u8 uri=http://cctvalih5ca.v.myalicdn.com/live/cctv1_2/index.m3u8 localFile=/data/src/channel1/index.m3u8
2021/07/15 23:11:48 [DEBUG] <server.go:276> [channel1]HandleDownloadedTs uri=http://cctvalih5ca.v.myalicdn.com/live/cctv1_2/cctv1_2md/1626361907_7462039.ts localFile=/data/src/channel1/cctv1_2md/1626361907_7462039.ts
2021/07/15 23:11:52 [ INFO] <web.go:351> ---->>>>DeleteStream****
2021/07/15 23:11:52 [ INFO] <web.go:199> ---->>>>checkIp 192.168.95.1****
2021/07/15 23:11:53 [ INFO] <web.go:371> ---->>>>deleteStream success uri=http://cctvalih5ca.v.myalicdn.com/live/cctv1_2/index.m3u8
2021/07/15 23:11:56 [ WARN] <server.go:146> [channel1]Download m3u8 not changed over 1 minute!
2021/07/15 23:12:09 [ INFO] <web.go:210> ---->>>>GetIndexStream Request clientIP=192.168.95.1****
2021/07/15 23:12:09 [ INFO] <web.go:199> ---->>>>checkIp 192.168.95.1****
2021/07/15 23:12:11 [ INFO] <web.go:255> ---->>>>GetTsStream Request clientIP=192.168.95.1****
2021/07/15 23:12:11 [ INFO] <web.go:199> ---->>>>checkIp 192.168.95.1****
2021/07/15 23:12:12 [ WARN] <server.go:146> [channel1]Download m3u8 not changed over 1 minute!
2021/07/15 23:12:20 [ INFO] <web.go:210> ---->>>>GetIndexStream Request clientIP=192.168.95.1****
2021/07/15 23:12:20 [ INFO] <web.go:199> ---->>>>checkIp 192.168.95.1****
2021/07/15 23:12:26 [ WARN] <server.go:146> [channel1]Download m3u8 not changed over 1 minute!
2021/07/15 23:12:32 [ INFO] <web.go:210> ---->>>>GetIndexStream Request clientIP=192.168.95.1****
2021/07/15 23:12:32 [ INFO] <web.go:199> ---->>>>checkIp 192.168.95.1****
2021/07/15 23:12:42 [ WARN] <server.go:146> [channel1]Download m3u8 not changed over 1 minute!
2021/07/15 23:12:42 [ INFO] <web.go:210> ---->>>>GetIndexStream Request clientIP=192.168.95.1****
2021/07/15 23:12:42 [ INFO] <web.go:199> ---->>>>checkIp 192.168.95.1****
2021/07/15 23:12:52 [ INFO] <web.go:301> ---->>>>AddStream****
2021/07/15 23:12:52 [ INFO] <web.go:199> ---->>>>checkIp 192.168.95.1****
2021/07/15 23:12:52 [DEBUG] <server.go:266> [channel1]HandleParseM3u8 localFile=/data/src/channel1/index.m3u8
2021/07/15 23:12:53 [DEBUG] <server.go:272> [channel1]HandleDownloadedM3u8 uri=http://cctvalih5ca.v.myalicdn.com/live/cctv1_2/index.m3u8 localFile=/data/src/channel1/index.m3u8
2021/07/15 23:12:53 [DEBUG] <server.go:276> [channel1]HandleDownloadedTs uri=http://cctvalih5ca.v.myalicdn.com/live/cctv1_2/cctv1_2md/1626361938_7462042.ts localFile=/data/src/channel1/cctv1_2md/1626361938_7462042.ts
2021/07/15 23:12:53 [DEBUG] <server.go:276> [channel1]HandleDownloadedTs uri=http://cctvalih5ca.v.myalicdn.com/live/cctv1_2/cctv1_2md/1626361948_7462043.ts localFile=/data/src/channel1/cctv1_2md/1626361948_7462043.ts
2021/07/15 23:12:53 [DEBUG] <server.go:276> [channel1]HandleDownloadedTs uri=http://cctvalih5ca.v.myalicdn.com/live/cctv1_2/cctv1_2md/1626361959_7462044.ts localFile=/data/src/channel1/cctv1_2md/1626361959_7462044.ts
2021/07/15 23:12:53 [DEBUG] <server.go:276> [channel1]HandleDownloadedTs uri=http://cctvalih5ca.v.myalicdn.com/live/cctv1_2/cctv1_2md/1626361969_7462045.ts localFile=/data/src/channel1/cctv1_2md/1626361969_7462045.ts
2021/07/15 23:12:54 [ INFO] <web.go:210> ---->>>>GetIndexStream Request clientIP=192.168.95.1****
2021/07/15 23:12:54 [ INFO] <web.go:199> ---->>>>checkIp 192.168.95.1****
2021/07/15 23:12:55 [ INFO] <web.go:255> ---->>>>GetTsStream Request clientIP=192.168.95.1****
2021/07/15 23:12:55 [ INFO] <web.go:199> ---->>>>checkIp 192.168.95.1****
2021/07/15 23:12:56 [ WARN] <server.go:146> [channel1]Download m3u8 not changed over 1 minute!
2021/07/15 23:12:58 [ WARN] <server.go:146> [channel1]Download m3u8 not changed over 1 minute!
2021/07/15 23:13:01 [DEBUG] <server.go:266> [channel1]HandleParseM3u8 localFile=/data/src/channel1/index.m3u8
2021/07/15 23:13:02 [DEBUG] <server.go:276> [channel1]HandleDownloadedTs uri=http://cctvalih5ca.v.myalicdn.com/live/cctv1_2/cctv1_2md/1626361980_7462046.ts localFile=/data/src/channel1/cctv1_2md/1626361980_7462046.ts
2021/07/15 23:13:02 [DEBUG] <server.go:272> [channel1]HandleDownloadedM3u8 uri=http://cctvalih5ca.v.myalicdn.com/live/cctv1_2/index.m3u8 localFile=/data/src/channel1/index.m3u8
2021/07/15 23:13:07 [ INFO] <web.go:255> ---->>>>GetTsStream Request clientIP=192.168.95.1****
2021/07/15 23:13:07 [ INFO] <web.go:199> ---->>>>checkIp 192.168.95.1****
2021/07/15 23:13:11 [DEBUG] <server.go:266> [channel1]HandleParseM3u8 localFile=/data/src/channel1/index.m3u8
2021/07/15 23:13:12 [ INFO] <web.go:255> ---->>>>GetTsStream Request clientIP=192.168.95.1****
2021/07/15 23:13:12 [ INFO] <web.go:199> ---->>>>checkIp 192.168.95.1****
2021/07/15 23:13:12 [DEBUG] <server.go:272> [channel1]HandleDownloadedM3u8 uri=http://cctvalih5ca.v.myalicdn.com/live/cctv1_2/index.m3u8 localFile=/data/src/channel1/index.m3u8
2021/07/15 23:13:12 [DEBUG] <server.go:276> [channel1]HandleDownloadedTs uri=http://cctvalih5ca.v.myalicdn.com/live/cctv1_2/cctv1_2md/1626361990_7462047.ts localFile=/data/src/channel1/cctv1_2md/1626361990_7462047.ts
2021/07/15 23:13:12 [ WARN] <server.go:146> [channel1]Download m3u8 not changed over 1 minute!
2021/07/15 23:13:20 [ INFO] <web.go:255> ---->>>>GetTsStream Request clientIP=192.168.95.1****
2021/07/15 23:13:20 [ INFO] <web.go:199> ---->>>>checkIp 192.168.95.1****
2021/07/15 23:13:22 [DEBUG] <server.go:266> [channel1]HandleParseM3u8 localFile=/data/src/channel1/index.m3u8
2021/07/15 23:13:23 [DEBUG] <server.go:276> [channel1]HandleDownloadedTs uri=http://cctvalih5ca.v.myalicdn.com/live/cctv1_2/cctv1_2md/1626362001_7462048.ts localFile=/data/src/channel1/cctv1_2md/1626362001_7462048.ts
2021/07/15 23:13:23 [DEBUG] <server.go:272> [channel1]HandleDownloadedM3u8 uri=http://cctvalih5ca.v.myalicdn.com/live/cctv1_2/index.m3u8 localFile=/data/src/channel1/index.m3u8
2021/07/15 23:13:23 [ INFO] <web.go:210> ---->>>>GetIndexStream Request clientIP=192.168.95.1****
2021/07/15 23:13:23 [ INFO] <web.go:199> ---->>>>checkIp 192.168.95.1****
2021/07/15 23:17:05 [ INFO] <main.go:149> src.debug Version=1.0.4 Build Time=[Jul 15 2021  23:16:59]
2021/07/15 23:17:05 [ INFO] <main.go:153> Start configLoad
2021/07/15 23:17:05 [ INFO] <main.go:124> (c *ConfigBusiness) configLoad Open config.json Success
2021/07/15 23:17:05 [ INFO] <main.go:136> (c *ConfigBusiness) configLoad config.json 
 adminListen=0.0.0.0:18086
 channelListen=0.0.0.0:18085

2021/07/15 23:17:05 [ INFO] <main.go:160> Create Web Manager
2021/07/15 23:17:05 [ INFO] <web.go:415> getStreamConfig
2021/07/15 23:17:05 [ INFO] <web.go:431> loadConfig Open config.json Success
2021/07/15 23:17:05 [ INFO] <web.go:450> getAdminsConfig
2021/07/15 23:17:05 [ INFO] <web.go:466> getAdminsConfig Open config.json Success
2021/07/15 23:17:05 [ INFO] <web.go:521> Create Channel Web Manager
2021/07/15 23:17:05 [ INFO] <web.go:528> Create Admin Web Manager
2021/07/15 23:17:05 [ INFO] <web.go:535> Create Streams Download Manager
2021/07/15 23:17:05 [ INFO] <server.go:323> loadConfig
2021/07/15 23:17:05 [ INFO] <server.go:338> loadConfig Open config.json Success
2021/07/15 23:17:05 [ INFO] <server.go:366> StreamsDownload Current Stream Count=1...
2021/07/15 23:17:05 [DEBUG] <server.go:266> [channel1]HandleParseM3u8 localFile=/data/src/channel1/index.m3u8
2021/07/15 23:17:05 [DEBUG] <server.go:272> [channel1]HandleDownloadedM3u8 uri=http://cctvalih5ca.v.myalicdn.com/live/cctv1_2/index.m3u8 localFile=/data/src/channel1/index.m3u8
2021/07/15 23:17:05 [DEBUG] <server.go:276> [channel1]HandleDownloadedTs uri=http://cctvalih5ca.v.myalicdn.com/live/cctv1_2/cctv1_2md/1626362211_7462068.ts localFile=/data/src/channel1/cctv1_2md/1626362211_7462068.ts
2021/07/15 23:17:05 [DEBUG] <server.go:276> [channel1]HandleDownloadedTs uri=http://cctvalih5ca.v.myalicdn.com/live/cctv1_2/cctv1_2md/1626362201_7462067.ts localFile=/data/src/channel1/cctv1_2md/1626362201_7462067.ts
2021/07/15 23:17:05 [DEBUG] <server.go:276> [channel1]HandleDownloadedTs uri=http://cctvalih5ca.v.myalicdn.com/live/cctv1_2/cctv1_2md/1626362190_7462066.ts localFile=/data/src/channel1/cctv1_2md/1626362190_7462066.ts
2021/07/15 23:17:05 [DEBUG] <server.go:276> [channel1]HandleDownloadedTs uri=http://cctvalih5ca.v.myalicdn.com/live/cctv1_2/cctv1_2md/1626362221_7462069.ts localFile=/data/src/channel1/cctv1_2md/1626362221_7462069.ts
2021/07/15 23:17:12 [DEBUG] <server.go:266> [channel1]HandleParseM3u8 localFile=/data/src/channel1/index.m3u8
2021/07/15 23:17:12 [DEBUG] <server.go:272> [channel1]HandleDownloadedM3u8 uri=http://cctvalih5ca.v.myalicdn.com/live/cctv1_2/index.m3u8 localFile=/data/src/channel1/index.m3u8
2021/07/15 23:17:12 [DEBUG] <server.go:276> [channel1]HandleDownloadedTs uri=http://cctvalih5ca.v.myalicdn.com/live/cctv1_2/cctv1_2md/1626362231_7462070.ts localFile=/data/src/channel1/cctv1_2md/1626362231_7462070.ts
2021/07/15 23:17:14 [ INFO] <web.go:210> ---->>>>GetIndexStream Request clientIP=192.168.95.1****
2021/07/15 23:17:14 [ INFO] <web.go:199> ---->>>>checkIp 192.168.95.1****
2021/07/15 23:17:14 [ INFO] <web.go:255> ---->>>>GetTsStream Request clientIP=192.168.95.1****
2021/07/15 23:17:14 [ INFO] <web.go:199> ---->>>>checkIp 192.168.95.1****
2021/07/15 23:17:15 [ INFO] <web.go:255> ---->>>>GetTsStream Request clientIP=192.168.95.1****
2021/07/15 23:17:15 [ INFO] <web.go:199> ---->>>>checkIp 192.168.95.1****
2021/07/15 23:17:19 [ INFO] <web.go:255> ---->>>>GetTsStream Request clientIP=192.168.95.1****
2021/07/15 23:17:19 [ INFO] <web.go:199> ---->>>>checkIp 192.168.95.1****
2021/07/15 23:17:22 [ INFO] <web.go:351> ---->>>>DeleteStream****
2021/07/15 23:17:22 [ INFO] <web.go:199> ---->>>>checkIp 192.168.95.1****
2021/07/15 23:17:22 [ INFO] <web.go:371> ---->>>>deleteStream success uri=http://cctvalih5ca.v.myalicdn.com/live/cctv1_2/index.m3u8
2021/07/15 23:17:44 [ INFO] <web.go:210> ---->>>>GetIndexStream Request clientIP=192.168.95.1****
2021/07/15 23:17:44 [ INFO] <web.go:199> ---->>>>checkIp 192.168.95.1****
2021/07/15 23:17:54 [ INFO] <web.go:210> ---->>>>GetIndexStream Request clientIP=192.168.95.1****
2021/07/15 23:17:54 [ INFO] <web.go:199> ---->>>>checkIp 192.168.95.1****
2021/07/15 23:17:55 [ INFO] <web.go:301> ---->>>>AddStream****
2021/07/15 23:17:55 [ INFO] <web.go:199> ---->>>>checkIp 192.168.95.1****
2021/07/15 23:17:55 [DEBUG] <server.go:266> [channel1]HandleParseM3u8 localFile=/data/src/channel1/index.m3u8
2021/07/15 23:17:56 [DEBUG] <server.go:276> [channel1]HandleDownloadedTs uri=http://cctvalih5ca.v.myalicdn.com/live/cctv1_2/cctv1_2md/1626362252_7462072.ts localFile=/data/src/channel1/cctv1_2md/1626362252_7462072.ts
2021/07/15 23:17:56 [DEBUG] <server.go:276> [channel1]HandleDownloadedTs uri=http://cctvalih5ca.v.myalicdn.com/live/cctv1_2/cctv1_2md/1626362262_7462073.ts localFile=/data/src/channel1/cctv1_2md/1626362262_7462073.ts
2021/07/15 23:17:56 [DEBUG] <server.go:276> [channel1]HandleDownloadedTs uri=http://cctvalih5ca.v.myalicdn.com/live/cctv1_2/cctv1_2md/1626362273_7462074.ts localFile=/data/src/channel1/cctv1_2md/1626362273_7462074.ts
2021/07/15 23:17:56 [DEBUG] <server.go:276> [channel1]HandleDownloadedTs uri=http://cctvalih5ca.v.myalicdn.com/live/cctv1_2/cctv1_2md/1626362242_7462071.ts localFile=/data/src/channel1/cctv1_2md/1626362242_7462071.ts
2021/07/15 23:17:56 [DEBUG] <server.go:272> [channel1]HandleDownloadedM3u8 uri=http://cctvalih5ca.v.myalicdn.com/live/cctv1_2/index.m3u8 localFile=/data/src/channel1/index.m3u8
2021/07/15 23:18:04 [DEBUG] <server.go:266> [channel1]HandleParseM3u8 localFile=/data/src/channel1/index.m3u8
2021/07/15 23:18:04 [DEBUG] <server.go:272> [channel1]HandleDownloadedM3u8 uri=http://cctvalih5ca.v.myalicdn.com/live/cctv1_2/index.m3u8 localFile=/data/src/channel1/index.m3u8
2021/07/15 23:18:04 [DEBUG] <server.go:276> [channel1]HandleDownloadedTs uri=http://cctvalih5ca.v.myalicdn.com/live/cctv1_2/cctv1_2md/1626362283_7462075.ts localFile=/data/src/channel1/cctv1_2md/1626362283_7462075.ts
2021/07/15 23:18:06 [ INFO] <web.go:210> ---->>>>GetIndexStream Request clientIP=192.168.95.1****
2021/07/15 23:18:06 [ INFO] <web.go:199> ---->>>>checkIp 192.168.95.1****
2021/07/15 23:18:07 [ INFO] <web.go:255> ---->>>>GetTsStream Request clientIP=192.168.95.1****
2021/07/15 23:18:07 [ INFO] <web.go:199> ---->>>>checkIp 192.168.95.1****
2021/07/15 23:18:15 [DEBUG] <server.go:266> [channel1]HandleParseM3u8 localFile=/data/src/channel1/index.m3u8
2021/07/15 23:18:15 [DEBUG] <server.go:272> [channel1]HandleDownloadedM3u8 uri=http://cctvalih5ca.v.myalicdn.com/live/cctv1_2/index.m3u8 localFile=/data/src/channel1/index.m3u8
2021/07/15 23:18:15 [DEBUG] <server.go:276> [channel1]HandleDownloadedTs uri=http://cctvalih5ca.v.myalicdn.com/live/cctv1_2/cctv1_2md/1626362294_7462076.ts localFile=/data/src/channel1/cctv1_2md/1626362294_7462076.ts
2021/07/15 23:18:17 [ INFO] <web.go:255> ---->>>>GetTsStream Request clientIP=192.168.95.1****
2021/07/15 23:18:17 [ INFO] <web.go:199> ---->>>>checkIp 192.168.95.1****
2021/07/15 23:18:21 [ INFO] <web.go:255> ---->>>>GetTsStream Request clientIP=192.168.95.1****
2021/07/15 23:18:21 [ INFO] <web.go:199> ---->>>>checkIp 192.168.95.1****
2021/07/15 23:18:25 [DEBUG] <server.go:266> [channel1]HandleParseM3u8 localFile=/data/src/channel1/index.m3u8
2021/07/15 23:18:25 [DEBUG] <server.go:272> [channel1]HandleDownloadedM3u8 uri=http://cctvalih5ca.v.myalicdn.com/live/cctv1_2/index.m3u8 localFile=/data/src/channel1/index.m3u8
2021/07/15 23:18:25 [DEBUG] <server.go:276> [channel1]HandleDownloadedTs uri=http://cctvalih5ca.v.myalicdn.com/live/cctv1_2/cctv1_2md/1626362304_7462077.ts localFile=/data/src/channel1/cctv1_2md/1626362304_7462077.ts
2021/07/15 23:18:31 [ INFO] <web.go:255> ---->>>>GetTsStream Request clientIP=192.168.95.1****
2021/07/15 23:18:31 [ INFO] <web.go:199> ---->>>>checkIp 192.168.95.1****
2021/07/15 23:18:35 [DEBUG] <server.go:266> [channel1]HandleParseM3u8 localFile=/data/src/channel1/index.m3u8
2021/07/15 23:18:35 [DEBUG] <server.go:272> [channel1]HandleDownloadedM3u8 uri=http://cctvalih5ca.v.myalicdn.com/live/cctv1_2/index.m3u8 localFile=/data/src/channel1/index.m3u8
2021/07/15 23:18:35 [DEBUG] <server.go:276> [channel1]HandleDownloadedTs uri=http://cctvalih5ca.v.myalicdn.com/live/cctv1_2/cctv1_2md/1626362314_7462078.ts localFile=/data/src/channel1/cctv1_2md/1626362314_7462078.ts
2021/07/15 23:18:36 [ INFO] <web.go:210> ---->>>>GetIndexStream Request clientIP=192.168.95.1****
2021/07/15 23:18:36 [ INFO] <web.go:199> ---->>>>checkIp 192.168.95.1****
2021/07/15 23:18:41 [ INFO] <web.go:255> ---->>>>GetTsStream Request clientIP=192.168.95.1****
2021/07/15 23:18:41 [ INFO] <web.go:199> ---->>>>checkIp 192.168.95.1****
